{"D:\\Workspace\\Github\\my-bad-idea\\NexusAdmin\\nexus-admin\\components\\common\\AdvancedFilter.tsx": {"path":"D:\\Workspace\\Github\\my-bad-idea\\NexusAdmin\\nexus-admin\\components\\common\\AdvancedFilter.tsx","statementMap":{"0":{"start":{"line":1,"column":0},"end":{"line":1,"column":null}},"1":{"start":{"line":31,"column":22},"end":{"line":33,"column":null}},"2":{"start":{"line":32,"column":11},"end":{"line":32,"column":null}},"3":{"start":{"line":35,"column":8},"end":{"line":38,"column":null}},"4":{"start":{"line":36,"column":17},"end":{"line":36,"column":29}},"5":{"start":{"line":37,"column":4},"end":{"line":37,"column":null}},"6":{"start":{"line":38,"column":4},"end":{"line":38,"column":null}},"7":{"start":{"line":41,"column":16},"end":{"line":42,"column":null}},"8":{"start":{"line":42,"column":15},"end":{"line":42,"column":null}},"9":{"start":{"line":45,"column":2},"end":{"line":212,"column":null}},"10":{"start":{"line":46,"column":44},"end":{"line":46,"column":59}},"11":{"start":{"line":89,"column":30},"end":{"line":89,"column":63}},"12":{"start":{"line":89,"column":49},"end":{"line":89,"column":63}},"13":{"start":{"line":90,"column":16},"end":{"line":106,"column":null}},"14":{"start":{"line":103,"column":43},"end":{"line":103,"column":58}},"15":{"start":{"line":115,"column":14},"end":{"line":189,"column":null}},"16":{"start":{"line":122,"column":37},"end":{"line":122,"column":88}},"17":{"start":{"line":130,"column":42},"end":{"line":130,"column":80}},"18":{"start":{"line":137,"column":24},"end":{"line":139,"column":null}},"19":{"start":{"line":150,"column":30},"end":{"line":150,"column":82}},"20":{"start":{"line":151,"column":24},"end":{"line":151,"column":null}},"21":{"start":{"line":152,"column":24},"end":{"line":152,"column":null}},"22":{"start":{"line":161,"column":30},"end":{"line":161,"column":82}},"23":{"start":{"line":162,"column":24},"end":{"line":162,"column":null}},"24":{"start":{"line":163,"column":24},"end":{"line":163,"column":null}},"25":{"start":{"line":172,"column":28},"end":{"line":172,"column":96}},"26":{"start":{"line":173,"column":22},"end":{"line":184,"column":null}},"27":{"start":{"line":178,"column":36},"end":{"line":178,"column":111}},"28":{"start":{"line":178,"column":95},"end":{"line":178,"column":111}},"29":{"start":{"line":179,"column":30},"end":{"line":179,"column":null}},"30":{"start":{"line":179,"column":37},"end":{"line":179,"column":null}},"31":{"start":{"line":180,"column":30},"end":{"line":180,"column":null}},"32":{"start":{"line":203,"column":16},"end":{"line":203,"column":null}},"33":{"start":{"line":204,"column":16},"end":{"line":204,"column":null}}},"fnMap":{"0":{"name":"AdvancedFilter","decl":{"start":{"line":30,"column":16},"end":{"line":30,"column":31}},"loc":{"start":{"line":30,"column":114},"end":{"line":212,"column":null}},"line":30},"1":{"name":"(anonymous_1)","decl":{"start":{"line":31,"column":43},"end":{"line":31,"column":null}},"loc":{"start":{"line":32,"column":11},"end":{"line":32,"column":null}},"line":32},"2":{"name":"(anonymous_2)","decl":{"start":{"line":35,"column":8},"end":{"line":35,"column":22}},"loc":{"start":{"line":35,"column":38},"end":{"line":38,"column":null}},"line":35},"3":{"name":"(anonymous_3)","decl":{"start":{"line":41,"column":38},"end":{"line":41,"column":null}},"loc":{"start":{"line":42,"column":15},"end":{"line":42,"column":null}},"line":42},"4":{"name":"(anonymous_4)","decl":{"start":{"line":46,"column":23},"end":{"line":46,"column":38}},"loc":{"start":{"line":46,"column":44},"end":{"line":46,"column":59}},"line":46},"5":{"name":"(anonymous_5)","decl":{"start":{"line":88,"column":21},"end":{"line":88,"column":26}},"loc":{"start":{"line":88,"column":41},"end":{"line":106,"column":null}},"line":88},"6":{"name":"(anonymous_6)","decl":{"start":{"line":89,"column":37},"end":{"line":89,"column":43}},"loc":{"start":{"line":89,"column":49},"end":{"line":89,"column":63}},"line":89},"7":{"name":"(anonymous_7)","decl":{"start":{"line":103,"column":28},"end":{"line":103,"column":43}},"loc":{"start":{"line":103,"column":43},"end":{"line":103,"column":58}},"line":103},"8":{"name":"(anonymous_8)","decl":{"start":{"line":114,"column":20},"end":{"line":114,"column":25}},"loc":{"start":{"line":115,"column":14},"end":{"line":189,"column":null}},"line":115},"9":{"name":"(anonymous_9)","decl":{"start":{"line":122,"column":20},"end":{"line":122,"column":31}},"loc":{"start":{"line":122,"column":37},"end":{"line":122,"column":88}},"line":122},"10":{"name":"(anonymous_10)","decl":{"start":{"line":130,"column":20},"end":{"line":130,"column":36}},"loc":{"start":{"line":130,"column":42},"end":{"line":130,"column":80}},"line":130},"11":{"name":"(anonymous_11)","decl":{"start":{"line":136,"column":37},"end":{"line":136,"column":42}},"loc":{"start":{"line":137,"column":24},"end":{"line":139,"column":null}},"line":137},"12":{"name":"(anonymous_12)","decl":{"start":{"line":149,"column":22},"end":{"line":149,"column":33}},"loc":{"start":{"line":149,"column":39},"end":{"line":152,"column":null}},"line":149},"13":{"name":"(anonymous_13)","decl":{"start":{"line":160,"column":22},"end":{"line":160,"column":33}},"loc":{"start":{"line":160,"column":39},"end":{"line":163,"column":null}},"line":160},"14":{"name":"(anonymous_14)","decl":{"start":{"line":171,"column":35},"end":{"line":171,"column":40}},"loc":{"start":{"line":171,"column":48},"end":{"line":184,"column":null}},"line":171},"15":{"name":"(anonymous_15)","decl":{"start":{"line":177,"column":28},"end":{"line":177,"column":46}},"loc":{"start":{"line":177,"column":52},"end":{"line":180,"column":null}},"line":177},"16":{"name":"(anonymous_16)","decl":{"start":{"line":178,"column":81},"end":{"line":178,"column":89}},"loc":{"start":{"line":178,"column":95},"end":{"line":178,"column":111}},"line":178},"17":{"name":"(anonymous_17)","decl":{"start":{"line":202,"column":14},"end":{"line":202,"column":29}},"loc":{"start":{"line":202,"column":29},"end":{"line":204,"column":null}},"line":202}},"branchMap":{"0":{"loc":{"start":{"line":32,"column":11},"end":{"line":32,"column":null}},"type":"binary-expr","locations":[{"start":{"line":32,"column":11},"end":{"line":32,"column":23}},{"start":{"line":32,"column":23},"end":{"line":32,"column":42}},{"start":{"line":32,"column":42},"end":{"line":32,"column":56}},{"start":{"line":32,"column":56},"end":{"line":32,"column":null}}],"line":32},"1":{"loc":{"start":{"line":32,"column":58},"end":{"line":32,"column":null}},"type":"binary-expr","locations":[{"start":{"line":32,"column":58},"end":{"line":32,"column":74}},{"start":{"line":32,"column":78},"end":{"line":32,"column":null}}],"line":32},"2":{"loc":{"start":{"line":42,"column":15},"end":{"line":42,"column":null}},"type":"binary-expr","locations":[{"start":{"line":42,"column":15},"end":{"line":42,"column":27}},{"start":{"line":42,"column":27},"end":{"line":42,"column":46}},{"start":{"line":42,"column":46},"end":{"line":42,"column":60}},{"start":{"line":42,"column":60},"end":{"line":42,"column":null}}],"line":42},"3":{"loc":{"start":{"line":42,"column":62},"end":{"line":42,"column":null}},"type":"binary-expr","locations":[{"start":{"line":42,"column":62},"end":{"line":42,"column":78}},{"start":{"line":42,"column":82},"end":{"line":42,"column":null}}],"line":42},"4":{"loc":{"start":{"line":46,"column":44},"end":{"line":46,"column":59}},"type":"binary-expr","locations":[{"start":{"line":46,"column":44},"end":{"line":46,"column":50}},{"start":{"line":46,"column":50},"end":{"line":46,"column":59}}],"line":46},"5":{"loc":{"start":{"line":59,"column":17},"end":{"line":72,"column":null}},"type":"binary-expr","locations":[{"start":{"line":59,"column":17},"end":{"line":59,"column":null}},{"start":{"line":60,"column":18},"end":{"line":72,"column":null}}],"line":59},"6":{"loc":{"start":{"line":86,"column":11},"end":{"line":109,"column":null}},"type":"binary-expr","locations":[{"start":{"line":86,"column":11},"end":{"line":86,"column":null}},{"start":{"line":87,"column":12},"end":{"line":109,"column":null}}],"line":86},"7":{"loc":{"start":{"line":119,"column":17},"end":{"line":125,"column":null}},"type":"binary-expr","locations":[{"start":{"line":119,"column":17},"end":{"line":119,"column":null}},{"start":{"line":120,"column":18},"end":{"line":125,"column":null}}],"line":119},"8":{"loc":{"start":{"line":121,"column":28},"end":{"line":121,"column":null}},"type":"binary-expr","locations":[{"start":{"line":121,"column":28},"end":{"line":121,"column":59}},{"start":{"line":121,"column":59},"end":{"line":121,"column":null}}],"line":121},"9":{"loc":{"start":{"line":127,"column":17},"end":{"line":141,"column":null}},"type":"binary-expr","locations":[{"start":{"line":127,"column":17},"end":{"line":127,"column":44}},{"start":{"line":127,"column":44},"end":{"line":127,"column":null}},{"start":{"line":128,"column":18},"end":{"line":141,"column":null}}],"line":127},"10":{"loc":{"start":{"line":129,"column":28},"end":{"line":129,"column":null}},"type":"binary-expr","locations":[{"start":{"line":129,"column":28},"end":{"line":129,"column":59}},{"start":{"line":129,"column":59},"end":{"line":129,"column":null}}],"line":129},"11":{"loc":{"start":{"line":144,"column":17},"end":{"line":166,"column":null}},"type":"binary-expr","locations":[{"start":{"line":144,"column":17},"end":{"line":144,"column":null}},{"start":{"line":145,"column":18},"end":{"line":166,"column":null}}],"line":144},"12":{"loc":{"start":{"line":148,"column":22},"end":{"line":148,"column":null}},"type":"binary-expr","locations":[{"start":{"line":148,"column":22},"end":{"line":148,"column":74}},{"start":{"line":148,"column":74},"end":{"line":148,"column":null}}],"line":148},"13":{"loc":{"start":{"line":148,"column":31},"end":{"line":148,"column":66}},"type":"binary-expr","locations":[{"start":{"line":148,"column":31},"end":{"line":148,"column":64}},{"start":{"line":148,"column":64},"end":{"line":148,"column":66}}],"line":148},"14":{"loc":{"start":{"line":150,"column":38},"end":{"line":150,"column":73}},"type":"binary-expr","locations":[{"start":{"line":150,"column":38},"end":{"line":150,"column":71}},{"start":{"line":150,"column":71},"end":{"line":150,"column":73}}],"line":150},"15":{"loc":{"start":{"line":159,"column":22},"end":{"line":159,"column":null}},"type":"binary-expr","locations":[{"start":{"line":159,"column":22},"end":{"line":159,"column":74}},{"start":{"line":159,"column":74},"end":{"line":159,"column":null}}],"line":159},"16":{"loc":{"start":{"line":159,"column":31},"end":{"line":159,"column":66}},"type":"binary-expr","locations":[{"start":{"line":159,"column":31},"end":{"line":159,"column":64}},{"start":{"line":159,"column":64},"end":{"line":159,"column":66}}],"line":159},"17":{"loc":{"start":{"line":161,"column":38},"end":{"line":161,"column":73}},"type":"binary-expr","locations":[{"start":{"line":161,"column":38},"end":{"line":161,"column":71}},{"start":{"line":161,"column":71},"end":{"line":161,"column":73}}],"line":161},"18":{"loc":{"start":{"line":169,"column":17},"end":{"line":187,"column":null}},"type":"binary-expr","locations":[{"start":{"line":169,"column":17},"end":{"line":169,"column":52}},{"start":{"line":169,"column":52},"end":{"line":169,"column":null}},{"start":{"line":170,"column":18},"end":{"line":187,"column":null}}],"line":169},"19":{"loc":{"start":{"line":172,"column":40},"end":{"line":172,"column":75}},"type":"binary-expr","locations":[{"start":{"line":172,"column":40},"end":{"line":172,"column":73}},{"start":{"line":172,"column":73},"end":{"line":172,"column":75}}],"line":172},"20":{"loc":{"start":{"line":178,"column":44},"end":{"line":178,"column":79}},"type":"binary-expr","locations":[{"start":{"line":178,"column":44},"end":{"line":178,"column":77}},{"start":{"line":178,"column":77},"end":{"line":178,"column":79}}],"line":178},"21":{"loc":{"start":{"line":179,"column":30},"end":{"line":179,"column":null}},"type":"if","locations":[{"start":{"line":179,"column":30},"end":{"line":179,"column":null}},{"start":{},"end":{}}],"line":179}},"s":{"0":0,"1":0,"2":0,"3":0,"4":0,"5":0,"6":0,"7":0,"8":0,"9":0,"10":0,"11":0,"12":0,"13":0,"14":0,"15":0,"16":0,"17":0,"18":0,"19":0,"20":0,"21":0,"22":0,"23":0,"24":0,"25":0,"26":0,"27":0,"28":0,"29":0,"30":0,"31":0,"32":0,"33":0},"f":{"0":0,"1":0,"2":0,"3":0,"4":0,"5":0,"6":0,"7":0,"8":0,"9":0,"10":0,"11":0,"12":0,"13":0,"14":0,"15":0,"16":0,"17":0},"b":{"0":[0,0,0,0],"1":[0,0],"2":[0,0,0,0],"3":[0,0],"4":[0,0],"5":[0,0],"6":[0,0],"7":[0,0],"8":[0,0],"9":[0,0,0],"10":[0,0],"11":[0,0],"12":[0,0],"13":[0,0],"14":[0,0],"15":[0,0],"16":[0,0],"17":[0,0],"18":[0,0,0],"19":[0,0],"20":[0,0],"21":[0,0]},"meta":{"lastBranch":22,"lastFunction":18,"lastStatement":34,"seen":{"s:1:0:1:Infinity":0,"f:30:16:30:31":0,"s:31:22:33:Infinity":1,"f:31:43:31:Infinity":1,"s:32:11:32:Infinity":2,"b:32:11:32:23:32:23:32:42:32:42:32:56:32:56:32:Infinity":0,"b:32:58:32:74:32:78:32:Infinity":1,"s:35:8:38:Infinity":3,"f:35:8:35:22":2,"s:36:17:36:29":4,"s:37:4:37:Infinity":5,"s:38:4:38:Infinity":6,"s:41:16:42:Infinity":7,"f:41:38:41:Infinity":3,"s:42:15:42:Infinity":8,"b:42:15:42:27:42:27:42:46:42:46:42:60:42:60:42:Infinity":2,"b:42:62:42:78:42:82:42:Infinity":3,"s:45:2:212:Infinity":9,"f:46:23:46:38":4,"s:46:44:46:59":10,"b:46:44:46:50:46:50:46:59":4,"b:59:17:59:Infinity:60:18:72:Infinity":5,"b:86:11:86:Infinity:87:12:109:Infinity":6,"f:88:21:88:26":5,"s:89:30:89:63":11,"f:89:37:89:43":6,"s:89:49:89:63":12,"s:90:16:106:Infinity":13,"f:103:28:103:43":7,"s:103:43:103:58":14,"f:114:20:114:25":8,"s:115:14:189:Infinity":15,"b:119:17:119:Infinity:120:18:125:Infinity":7,"b:121:28:121:59:121:59:121:Infinity":8,"f:122:20:122:31":9,"s:122:37:122:88":16,"b:127:17:127:44:127:44:127:Infinity:128:18:141:Infinity":9,"b:129:28:129:59:129:59:129:Infinity":10,"f:130:20:130:36":10,"s:130:42:130:80":17,"f:136:37:136:42":11,"s:137:24:139:Infinity":18,"b:144:17:144:Infinity:145:18:166:Infinity":11,"b:148:22:148:74:148:74:148:Infinity":12,"b:148:31:148:64:148:64:148:66":13,"f:149:22:149:33":12,"s:150:30:150:82":19,"b:150:38:150:71:150:71:150:73":14,"s:151:24:151:Infinity":20,"s:152:24:152:Infinity":21,"b:159:22:159:74:159:74:159:Infinity":15,"b:159:31:159:64:159:64:159:66":16,"f:160:22:160:33":13,"s:161:30:161:82":22,"b:161:38:161:71:161:71:161:73":17,"s:162:24:162:Infinity":23,"s:163:24:163:Infinity":24,"b:169:17:169:52:169:52:169:Infinity:170:18:187:Infinity":18,"f:171:35:171:40":14,"s:172:28:172:96":25,"b:172:40:172:73:172:73:172:75":19,"s:173:22:184:Infinity":26,"f:177:28:177:46":15,"s:178:36:178:111":27,"b:178:44:178:77:178:77:178:79":20,"f:178:81:178:89":16,"s:178:95:178:111":28,"b:179:30:179:Infinity:undefined:undefined:undefined:undefined":21,"s:179:30:179:Infinity":29,"s:179:37:179:Infinity":30,"s:180:30:180:Infinity":31,"f:202:14:202:29":17,"s:203:16:203:Infinity":32,"s:204:16:204:Infinity":33}}}
,"D:\\Workspace\\Github\\my-bad-idea\\NexusAdmin\\nexus-admin\\components\\common\\ConfirmDialog.tsx": {"path":"D:\\Workspace\\Github\\my-bad-idea\\NexusAdmin\\nexus-admin\\components\\common\\ConfirmDialog.tsx","statementMap":{"0":{"start":{"line":1,"column":0},"end":{"line":1,"column":null}},"1":{"start":{"line":29,"column":17},"end":{"line":33,"column":null}},"2":{"start":{"line":45,"column":16},"end":{"line":45,"column":40}},"3":{"start":{"line":46,"column":18},"end":{"line":46,"column":47}},"4":{"start":{"line":47,"column":30},"end":{"line":47,"column":null}},"5":{"start":{"line":49,"column":19},"end":{"line":49,"column":null}},"6":{"start":{"line":50,"column":21},"end":{"line":50,"column":83}},"7":{"start":{"line":52,"column":24},"end":{"line":58,"column":null}},"8":{"start":{"line":53,"column":4},"end":{"line":53,"column":null}},"9":{"start":{"line":54,"column":4},"end":{"line":58,"column":null}},"10":{"start":{"line":55,"column":6},"end":{"line":55,"column":null}},"11":{"start":{"line":57,"column":6},"end":{"line":57,"column":null}},"12":{"start":{"line":58,"column":6},"end":{"line":58,"column":null}},"13":{"start":{"line":62,"column":8},"end":{"line":64,"column":null}},"14":{"start":{"line":63,"column":4},"end":{"line":63,"column":null}},"15":{"start":{"line":64,"column":4},"end":{"line":64,"column":null}},"16":{"start":{"line":67,"column":2},"end":{"line":142,"column":null}},"17":{"start":{"line":68,"column":45},"end":{"line":68,"column":65}},"18":{"start":{"line":108,"column":31},"end":{"line":108,"column":55}}},"fnMap":{"0":{"name":"ConfirmDialog","decl":{"start":{"line":35,"column":16},"end":{"line":35,"column":30}},"loc":{"start":{"line":44,"column":23},"end":{"line":142,"column":null}},"line":44},"1":{"name":"(anonymous_1)","decl":{"start":{"line":52,"column":24},"end":{"line":52,"column":36}},"loc":{"start":{"line":52,"column":36},"end":{"line":58,"column":null}},"line":52},"2":{"name":"(anonymous_2)","decl":{"start":{"line":62,"column":8},"end":{"line":62,"column":29}},"loc":{"start":{"line":62,"column":29},"end":{"line":64,"column":null}},"line":62},"3":{"name":"(anonymous_3)","decl":{"start":{"line":68,"column":24},"end":{"line":68,"column":39}},"loc":{"start":{"line":68,"column":45},"end":{"line":68,"column":65}},"line":68},"4":{"name":"(anonymous_4)","decl":{"start":{"line":108,"column":14},"end":{"line":108,"column":25}},"loc":{"start":{"line":108,"column":31},"end":{"line":108,"column":55}},"line":108}},"branchMap":{"0":{"loc":{"start":{"line":41,"column":2},"end":{"line":41,"column":null}},"type":"default-arg","locations":[{"start":{"line":41,"column":16},"end":{"line":41,"column":null}}],"line":41},"1":{"loc":{"start":{"line":50,"column":21},"end":{"line":50,"column":83}},"type":"binary-expr","locations":[{"start":{"line":50,"column":21},"end":{"line":50,"column":34}},{"start":{"line":50,"column":34},"end":{"line":50,"column":83}}],"line":50},"2":{"loc":{"start":{"line":68,"column":45},"end":{"line":68,"column":65}},"type":"binary-expr","locations":[{"start":{"line":68,"column":45},"end":{"line":68,"column":51}},{"start":{"line":68,"column":51},"end":{"line":68,"column":65}}],"line":68},"3":{"loc":{"start":{"line":91,"column":17},"end":{"line":93,"column":null}},"type":"binary-expr","locations":[{"start":{"line":91,"column":17},"end":{"line":91,"column":null}},{"start":{"line":92,"column":18},"end":{"line":93,"column":null}}],"line":91},"4":{"loc":{"start":{"line":93,"column":39},"end":{"line":93,"column":62}},"type":"cond-expr","locations":[{"start":{"line":93,"column":53},"end":{"line":93,"column":59}},{"start":{"line":93,"column":59},"end":{"line":93,"column":62}}],"line":93},"5":{"loc":{"start":{"line":101,"column":9},"end":{"line":115,"column":null}},"type":"binary-expr","locations":[{"start":{"line":101,"column":9},"end":{"line":101,"column":null}},{"start":{"line":102,"column":10},"end":{"line":115,"column":null}}],"line":101},"6":{"loc":{"start":{"line":112,"column":29},"end":{"line":112,"column":null}},"type":"cond-expr","locations":[{"start":{"line":112,"column":52},"end":{"line":112,"column":70}},{"start":{"line":112,"column":70},"end":{"line":112,"column":null}}],"line":112},"7":{"loc":{"start":{"line":112,"column":29},"end":{"line":112,"column":52}},"type":"binary-expr","locations":[{"start":{"line":112,"column":29},"end":{"line":112,"column":38}},{"start":{"line":112,"column":38},"end":{"line":112,"column":52}}],"line":112},"8":{"loc":{"start":{"line":123,"column":11},"end":{"line":138,"column":null}},"type":"cond-expr","locations":[{"start":{"line":124,"column":12},"end":{"line":127,"column":23}},{"start":{"line":127,"column":14},"end":{"line":138,"column":null}}],"line":123},"9":{"loc":{"start":{"line":127,"column":14},"end":{"line":138,"column":null}},"type":"cond-expr","locations":[{"start":{"line":128,"column":12},"end":{"line":136,"column":13}},{"start":{"line":136,"column":12},"end":{"line":138,"column":null}}],"line":127}},"s":{"0":1,"1":1,"2":9,"3":9,"4":9,"5":9,"6":9,"7":9,"8":1,"9":1,"10":1,"11":1,"12":1,"13":9,"14":1,"15":1,"16":9,"17":0,"18":1},"f":{"0":9,"1":1,"2":1,"3":0,"4":1},"b":{"0":[9],"1":[9,3],"2":[0,0],"3":[9,0],"4":[0,0],"5":[9,3],"6":[0,3],"7":[3,1],"8":[3,6],"9":[0,6]},"meta":{"lastBranch":10,"lastFunction":5,"lastStatement":19,"seen":{"s:1:0:1:Infinity":0,"s:29:17:33:Infinity":1,"f:35:16:35:30":0,"b:41:16:41:Infinity":0,"s:45:16:45:40":2,"s:46:18:46:47":3,"s:47:30:47:Infinity":4,"s:49:19:49:Infinity":5,"s:50:21:50:83":6,"b:50:21:50:34:50:34:50:83":1,"s:52:24:58:Infinity":7,"f:52:24:52:36":1,"s:53:4:53:Infinity":8,"s:54:4:58:Infinity":9,"s:55:6:55:Infinity":10,"s:57:6:57:Infinity":11,"s:58:6:58:Infinity":12,"s:62:8:64:Infinity":13,"f:62:8:62:29":2,"s:63:4:63:Infinity":14,"s:64:4:64:Infinity":15,"s:67:2:142:Infinity":16,"f:68:24:68:39":3,"s:68:45:68:65":17,"b:68:45:68:51:68:51:68:65":2,"b:91:17:91:Infinity:92:18:93:Infinity":3,"b:93:53:93:59:93:59:93:62":4,"b:101:9:101:Infinity:102:10:115:Infinity":5,"f:108:14:108:25":4,"s:108:31:108:55":18,"b:112:52:112:70:112:70:112:Infinity":6,"b:112:29:112:38:112:38:112:52":7,"b:124:12:127:23:127:14:138:Infinity":8,"b:128:12:136:13:136:12:138:Infinity":9}}}
,"D:\\Workspace\\Github\\my-bad-idea\\NexusAdmin\\nexus-admin\\components\\common\\DataTable.tsx": {"path":"D:\\Workspace\\Github\\my-bad-idea\\NexusAdmin\\nexus-admin\\components\\common\\DataTable.tsx","statementMap":{"0":{"start":{"line":1,"column":0},"end":{"line":1,"column":null}},"1":{"start":{"line":60,"column":18},"end":{"line":60,"column":58}},"2":{"start":{"line":61,"column":23},"end":{"line":61,"column":73}},"3":{"start":{"line":63,"column":40},"end":{"line":85,"column":null}},"4":{"start":{"line":66,"column":6},"end":{"line":72,"column":null}},"5":{"start":{"line":75,"column":6},"end":{"line":82,"column":null}},"6":{"start":{"line":79,"column":24},"end":{"line":79,"column":43}},"7":{"start":{"line":87,"column":21},"end":{"line":87,"column":null}},"8":{"start":{"line":89,"column":8},"end":{"line":101,"column":4}},"9":{"start":{"line":97,"column":23},"end":{"line":97,"column":null}},"10":{"start":{"line":103,"column":2},"end":{"line":107,"column":null}},"11":{"start":{"line":104,"column":4},"end":{"line":105,"column":null}},"12":{"start":{"line":105,"column":6},"end":{"line":105,"column":null}},"13":{"start":{"line":105,"column":64},"end":{"line":105,"column":80}},"14":{"start":{"line":109,"column":21},"end":{"line":109,"column":48}},"15":{"start":{"line":110,"column":13},"end":{"line":110,"column":null}},"16":{"start":{"line":112,"column":2},"end":{"line":113,"column":null}},"17":{"start":{"line":113,"column":4},"end":{"line":113,"column":null}},"18":{"start":{"line":116,"column":2},"end":{"line":123,"column":null}},"19":{"start":{"line":117,"column":4},"end":{"line":123,"column":null}},"20":{"start":{"line":127,"column":2},"end":{"line":134,"column":null}},"21":{"start":{"line":128,"column":4},"end":{"line":134,"column":null}},"22":{"start":{"line":138,"column":2},"end":{"line":328,"column":null}},"23":{"start":{"line":160,"column":16},"end":{"line":195,"column":null}},"24":{"start":{"line":162,"column":20},"end":{"line":193,"column":null}},"25":{"start":{"line":200,"column":16},"end":{"line":225,"column":null}},"26":{"start":{"line":211,"column":33},"end":{"line":211,"column":72}},"27":{"start":{"line":214,"column":20},"end":{"line":223,"column":null}},"28":{"start":{"line":234,"column":26},"end":{"line":234,"column":87}},"29":{"start":{"line":234,"column":62},"end":{"line":234,"column":87}},"30":{"start":{"line":235,"column":29},"end":{"line":235,"column":46}},"31":{"start":{"line":236,"column":28},"end":{"line":236,"column":72}},"32":{"start":{"line":236,"column":46},"end":{"line":236,"column":72}},"33":{"start":{"line":237,"column":12},"end":{"line":264,"column":null}},"34":{"start":{"line":248,"column":22},"end":{"line":250,"column":null}},"35":{"start":{"line":258,"column":48},"end":{"line":258,"column":74}},"36":{"start":{"line":259,"column":20},"end":{"line":261,"column":null}},"37":{"start":{"line":281,"column":46},"end":{"line":281,"column":71}},"38":{"start":{"line":282,"column":46},"end":{"line":282,"column":78}},"39":{"start":{"line":283,"column":46},"end":{"line":283,"column":78}},"40":{"start":{"line":284,"column":46},"end":{"line":284,"column":80}},"41":{"start":{"line":286,"column":14},"end":{"line":302,"column":null}},"42":{"start":{"line":313,"column":26},"end":{"line":313,"column":48}},"43":{"start":{"line":314,"column":16},"end":{"line":314,"column":null}},"44":{"start":{"line":314,"column":47},"end":{"line":314,"column":null}}},"fnMap":{"0":{"name":"DataTable","decl":{"start":{"line":41,"column":16},"end":{"line":41,"column":52}},"loc":{"start":{"line":59,"column":22},"end":{"line":328,"column":null}},"line":59},"1":{"name":"(anonymous_1)","decl":{"start":{"line":65,"column":4},"end":{"line":65,"column":13}},"loc":{"start":{"line":66,"column":6},"end":{"line":72,"column":null}},"line":66},"2":{"name":"(anonymous_2)","decl":{"start":{"line":74,"column":4},"end":{"line":74,"column":11}},"loc":{"start":{"line":75,"column":6},"end":{"line":82,"column":null}},"line":75},"3":{"name":"(anonymous_3)","decl":{"start":{"line":79,"column":8},"end":{"line":79,"column":18}},"loc":{"start":{"line":79,"column":24},"end":{"line":79,"column":43}},"line":79},"4":{"name":"(anonymous_4)","decl":{"start":{"line":97,"column":4},"end":{"line":97,"column":15}},"loc":{"start":{"line":97,"column":23},"end":{"line":97,"column":null}},"line":97},"5":{"name":"(anonymous_5)","decl":{"start":{"line":103,"column":2},"end":{"line":103,"column":18}},"loc":{"start":{"line":103,"column":18},"end":{"line":107,"column":6}},"line":103},"6":{"name":"(anonymous_6)","decl":{"start":{"line":105,"column":50},"end":{"line":105,"column":58}},"loc":{"start":{"line":105,"column":64},"end":{"line":105,"column":80}},"line":105},"7":{"name":"(anonymous_7)","decl":{"start":{"line":159,"column":39},"end":{"line":159,"column":44}},"loc":{"start":{"line":160,"column":16},"end":{"line":195,"column":null}},"line":160},"8":{"name":"(anonymous_8)","decl":{"start":{"line":161,"column":30},"end":{"line":161,"column":35}},"loc":{"start":{"line":162,"column":20},"end":{"line":193,"column":null}},"line":162},"9":{"name":"(anonymous_9)","decl":{"start":{"line":199,"column":40},"end":{"line":199,"column":45}},"loc":{"start":{"line":200,"column":16},"end":{"line":225,"column":null}},"line":200},"10":{"name":"(anonymous_10)","decl":{"start":{"line":211,"column":18},"end":{"line":211,"column":33}},"loc":{"start":{"line":211,"column":33},"end":{"line":211,"column":72}},"line":211},"11":{"name":"(anonymous_11)","decl":{"start":{"line":213,"column":41},"end":{"line":213,"column":46}},"loc":{"start":{"line":214,"column":20},"end":{"line":223,"column":null}},"line":214},"12":{"name":"(anonymous_12)","decl":{"start":{"line":233,"column":36},"end":{"line":233,"column":41}},"loc":{"start":{"line":233,"column":49},"end":{"line":264,"column":null}},"line":233},"13":{"name":"(anonymous_13)","decl":{"start":{"line":234,"column":48},"end":{"line":234,"column":56}},"loc":{"start":{"line":234,"column":62},"end":{"line":234,"column":87}},"line":234},"14":{"name":"(anonymous_14)","decl":{"start":{"line":236,"column":34},"end":{"line":236,"column":40}},"loc":{"start":{"line":236,"column":46},"end":{"line":236,"column":72}},"line":236},"15":{"name":"(anonymous_15)","decl":{"start":{"line":247,"column":30},"end":{"line":247,"column":35}},"loc":{"start":{"line":248,"column":22},"end":{"line":250,"column":null}},"line":248},"16":{"name":"(anonymous_16)","decl":{"start":{"line":258,"column":34},"end":{"line":258,"column":42}},"loc":{"start":{"line":258,"column":48},"end":{"line":258,"column":74}},"line":258},"17":{"name":"(anonymous_17)","decl":{"start":{"line":258,"column":75},"end":{"line":258,"column":80}},"loc":{"start":{"line":259,"column":20},"end":{"line":261,"column":null}},"line":259},"18":{"name":"(anonymous_18)","decl":{"start":{"line":281,"column":36},"end":{"line":281,"column":46}},"loc":{"start":{"line":281,"column":46},"end":{"line":281,"column":71}},"line":281},"19":{"name":"(anonymous_19)","decl":{"start":{"line":282,"column":36},"end":{"line":282,"column":46}},"loc":{"start":{"line":282,"column":46},"end":{"line":282,"column":78}},"line":282},"20":{"name":"(anonymous_20)","decl":{"start":{"line":283,"column":36},"end":{"line":283,"column":46}},"loc":{"start":{"line":283,"column":46},"end":{"line":283,"column":78}},"line":283},"21":{"name":"(anonymous_21)","decl":{"start":{"line":284,"column":36},"end":{"line":284,"column":46}},"loc":{"start":{"line":284,"column":46},"end":{"line":284,"column":80}},"line":284},"22":{"name":"(anonymous_22)","decl":{"start":{"line":285,"column":24},"end":{"line":285,"column":29}},"loc":{"start":{"line":286,"column":14},"end":{"line":302,"column":null}},"line":286},"23":{"name":"(anonymous_23)","decl":{"start":{"line":312,"column":14},"end":{"line":312,"column":25}},"loc":{"start":{"line":312,"column":31},"end":{"line":314,"column":null}},"line":312}},"branchMap":{"0":{"loc":{"start":{"line":44,"column":2},"end":{"line":44,"column":null}},"type":"default-arg","locations":[{"start":{"line":44,"column":14},"end":{"line":44,"column":null}}],"line":44},"1":{"loc":{"start":{"line":45,"column":2},"end":{"line":45,"column":null}},"type":"default-arg","locations":[{"start":{"line":45,"column":15},"end":{"line":45,"column":null}}],"line":45},"2":{"loc":{"start":{"line":47,"column":2},"end":{"line":47,"column":null}},"type":"default-arg","locations":[{"start":{"line":47,"column":10},"end":{"line":47,"column":null}}],"line":47},"3":{"loc":{"start":{"line":48,"column":2},"end":{"line":48,"column":null}},"type":"default-arg","locations":[{"start":{"line":48,"column":9},"end":{"line":48,"column":null}}],"line":48},"4":{"loc":{"start":{"line":49,"column":2},"end":{"line":49,"column":null}},"type":"default-arg","locations":[{"start":{"line":49,"column":13},"end":{"line":49,"column":null}}],"line":49},"5":{"loc":{"start":{"line":51,"column":2},"end":{"line":51,"column":null}},"type":"default-arg","locations":[{"start":{"line":51,"column":20},"end":{"line":51,"column":null}}],"line":51},"6":{"loc":{"start":{"line":53,"column":2},"end":{"line":53,"column":null}},"type":"default-arg","locations":[{"start":{"line":53,"column":15},"end":{"line":53,"column":null}}],"line":53},"7":{"loc":{"start":{"line":56,"column":2},"end":{"line":56,"column":null}},"type":"default-arg","locations":[{"start":{"line":56,"column":12},"end":{"line":56,"column":null}}],"line":56},"8":{"loc":{"start":{"line":57,"column":2},"end":{"line":57,"column":null}},"type":"default-arg","locations":[{"start":{"line":57,"column":12},"end":{"line":57,"column":null}}],"line":57},"9":{"loc":{"start":{"line":58,"column":2},"end":{"line":58,"column":null}},"type":"default-arg","locations":[{"start":{"line":58,"column":18},"end":{"line":58,"column":null}}],"line":58},"10":{"loc":{"start":{"line":87,"column":21},"end":{"line":87,"column":null}},"type":"cond-expr","locations":[{"start":{"line":87,"column":39},"end":{"line":87,"column":68}},{"start":{"line":87,"column":71},"end":{"line":87,"column":null}}],"line":87},"11":{"loc":{"start":{"line":104,"column":4},"end":{"line":105,"column":null}},"type":"if","locations":[{"start":{"line":104,"column":4},"end":{"line":105,"column":null}},{"start":{},"end":{}}],"line":104},"12":{"loc":{"start":{"line":110,"column":13},"end":{"line":110,"column":null}},"type":"cond-expr","locations":[{"start":{"line":110,"column":37},"end":{"line":110,"column":51}},{"start":{"line":110,"column":51},"end":{"line":110,"column":null}}],"line":110},"13":{"loc":{"start":{"line":112,"column":2},"end":{"line":113,"column":null}},"type":"if","locations":[{"start":{"line":112,"column":2},"end":{"line":113,"column":null}},{"start":{},"end":{}}],"line":112},"14":{"loc":{"start":{"line":113,"column":62},"end":{"line":113,"column":90}},"type":"cond-expr","locations":[{"start":{"line":113,"column":80},"end":{"line":113,"column":84}},{"start":{"line":113,"column":84},"end":{"line":113,"column":90}}],"line":113},"15":{"loc":{"start":{"line":116,"column":2},"end":{"line":123,"column":null}},"type":"if","locations":[{"start":{"line":116,"column":2},"end":{"line":123,"column":null}},{"start":{},"end":{}}],"line":116},"16":{"loc":{"start":{"line":127,"column":2},"end":{"line":134,"column":null}},"type":"if","locations":[{"start":{"line":127,"column":2},"end":{"line":134,"column":null}},{"start":{},"end":{}}],"line":127},"17":{"loc":{"start":{"line":127,"column":6},"end":{"line":127,"column":39}},"type":"binary-expr","locations":[{"start":{"line":127,"column":6},"end":{"line":127,"column":27}},{"start":{"line":127,"column":27},"end":{"line":127,"column":39}}],"line":127},"18":{"loc":{"start":{"line":141,"column":7},"end":{"line":147,"column":null}},"type":"binary-expr","locations":[{"start":{"line":141,"column":7},"end":{"line":141,"column":21}},{"start":{"line":141,"column":21},"end":{"line":141,"column":null}},{"start":{"line":142,"column":8},"end":{"line":147,"column":null}}],"line":141},"19":{"loc":{"start":{"line":172,"column":31},"end":{"line":172,"column":null}},"type":"cond-expr","locations":[{"start":{"line":172,"column":58},"end":{"line":172,"column":74}},{"start":{"line":172,"column":77},"end":{"line":172,"column":null}}],"line":172},"20":{"loc":{"start":{"line":173,"column":32},"end":{"line":173,"column":null}},"type":"cond-expr","locations":[{"start":{"line":173,"column":78},"end":{"line":173,"column":90}},{"start":{"line":173,"column":90},"end":{"line":173,"column":null}}],"line":173},"21":{"loc":{"start":{"line":173,"column":32},"end":{"line":173,"column":75}},"type":"binary-expr","locations":[{"start":{"line":173,"column":32},"end":{"line":173,"column":49}},{"start":{"line":173,"column":49},"end":{"line":173,"column":75}}],"line":173},"22":{"loc":{"start":{"line":177,"column":31},"end":{"line":177,"column":null}},"type":"cond-expr","locations":[{"start":{"line":177,"column":47},"end":{"line":177,"column":86}},{"start":{"line":177,"column":89},"end":{"line":177,"column":null}}],"line":177},"23":{"loc":{"start":{"line":181,"column":25},"end":{"line":190,"column":null}},"type":"binary-expr","locations":[{"start":{"line":181,"column":25},"end":{"line":181,"column":42}},{"start":{"line":181,"column":42},"end":{"line":181,"column":68}},{"start":{"line":182,"column":26},"end":{"line":190,"column":null}}],"line":181},"24":{"loc":{"start":{"line":183,"column":29},"end":{"line":188,"column":null}},"type":"cond-expr","locations":[{"start":{"line":184,"column":30},"end":{"line":185,"column":39}},{"start":{"line":185,"column":32},"end":{"line":188,"column":null}}],"line":183},"25":{"loc":{"start":{"line":185,"column":32},"end":{"line":188,"column":null}},"type":"cond-expr","locations":[{"start":{"line":186,"column":30},"end":{"line":188,"column":31}},{"start":{"line":188,"column":30},"end":{"line":188,"column":null}}],"line":185},"26":{"loc":{"start":{"line":204,"column":20},"end":{"line":208,"column":null}},"type":"cond-expr","locations":[{"start":{"line":205,"column":24},"end":{"line":205,"column":null}},{"start":{"line":206,"column":24},"end":{"line":208,"column":null}}],"line":204},"27":{"loc":{"start":{"line":208,"column":26},"end":{"line":208,"column":null}},"type":"binary-expr","locations":[{"start":{"line":208,"column":26},"end":{"line":208,"column":37}},{"start":{"line":208,"column":37},"end":{"line":208,"column":56}},{"start":{"line":208,"column":56},"end":{"line":208,"column":null}}],"line":208},"28":{"loc":{"start":{"line":211,"column":33},"end":{"line":211,"column":72}},"type":"binary-expr","locations":[{"start":{"line":211,"column":33},"end":{"line":211,"column":52}},{"start":{"line":211,"column":52},"end":{"line":211,"column":72}}],"line":211},"29":{"loc":{"start":{"line":242,"column":18},"end":{"line":242,"column":null}},"type":"binary-expr","locations":[{"start":{"line":242,"column":18},"end":{"line":242,"column":37}},{"start":{"line":242,"column":41},"end":{"line":242,"column":null}}],"line":242},"30":{"loc":{"start":{"line":253,"column":19},"end":{"line":254,"column":null}},"type":"binary-expr","locations":[{"start":{"line":253,"column":19},"end":{"line":253,"column":null}},{"start":{"line":254,"column":20},"end":{"line":254,"column":null}}],"line":253},"31":{"loc":{"start":{"line":271,"column":7},"end":{"line":328,"column":null}},"type":"binary-expr","locations":[{"start":{"line":271,"column":7},"end":{"line":271,"column":27}},{"start":{"line":271,"column":27},"end":{"line":271,"column":null}},{"start":{"line":272,"column":8},"end":{"line":328,"column":null}}],"line":271},"32":{"loc":{"start":{"line":295,"column":30},"end":{"line":295,"column":null}},"type":"cond-expr","locations":[{"start":{"line":295,"column":41},"end":{"line":295,"column":57}},{"start":{"line":295,"column":57},"end":{"line":295,"column":null}}],"line":295},"33":{"loc":{"start":{"line":296,"column":25},"end":{"line":296,"column":null}},"type":"cond-expr","locations":[{"start":{"line":296,"column":36},"end":{"line":296,"column":57}},{"start":{"line":296,"column":57},"end":{"line":296,"column":null}}],"line":296},"34":{"loc":{"start":{"line":297,"column":26},"end":{"line":297,"column":null}},"type":"cond-expr","locations":[{"start":{"line":297,"column":37},"end":{"line":297,"column":53}},{"start":{"line":297,"column":53},"end":{"line":297,"column":null}}],"line":297},"35":{"loc":{"start":{"line":298,"column":27},"end":{"line":298,"column":null}},"type":"cond-expr","locations":[{"start":{"line":298,"column":38},"end":{"line":298,"column":44}},{"start":{"line":298,"column":44},"end":{"line":298,"column":null}}],"line":298},"36":{"loc":{"start":{"line":314,"column":16},"end":{"line":314,"column":null}},"type":"if","locations":[{"start":{"line":314,"column":16},"end":{"line":314,"column":null}},{"start":{},"end":{}}],"line":314},"37":{"loc":{"start":{"line":314,"column":20},"end":{"line":314,"column":47}},"type":"binary-expr","locations":[{"start":{"line":314,"column":20},"end":{"line":314,"column":30}},{"start":{"line":314,"column":30},"end":{"line":314,"column":47}}],"line":314}},"s":{"0":0,"1":0,"2":0,"3":0,"4":0,"5":0,"6":0,"7":0,"8":0,"9":0,"10":0,"11":0,"12":0,"13":0,"14":0,"15":0,"16":0,"17":0,"18":0,"19":0,"20":0,"21":0,"22":0,"23":0,"24":0,"25":0,"26":0,"27":0,"28":0,"29":0,"30":0,"31":0,"32":0,"33":0,"34":0,"35":0,"36":0,"37":0,"38":0,"39":0,"40":0,"41":0,"42":0,"43":0,"44":0},"f":{"0":0,"1":0,"2":0,"3":0,"4":0,"5":0,"6":0,"7":0,"8":0,"9":0,"10":0,"11":0,"12":0,"13":0,"14":0,"15":0,"16":0,"17":0,"18":0,"19":0,"20":0,"21":0,"22":0,"23":0},"b":{"0":[0],"1":[0],"2":[0],"3":[0],"4":[0],"5":[0],"6":[0],"7":[0],"8":[0],"9":[0],"10":[0,0],"11":[0,0],"12":[0,0],"13":[0,0],"14":[0,0],"15":[0,0],"16":[0,0],"17":[0,0],"18":[0,0,0],"19":[0,0],"20":[0,0],"21":[0,0],"22":[0,0],"23":[0,0,0],"24":[0,0],"25":[0,0],"26":[0,0],"27":[0,0,0],"28":[0,0],"29":[0,0],"30":[0,0],"31":[0,0,0],"32":[0,0],"33":[0,0],"34":[0,0],"35":[0,0],"36":[0,0],"37":[0,0]},"meta":{"lastBranch":38,"lastFunction":24,"lastStatement":45,"seen":{"s:1:0:1:Infinity":0,"f:41:16:41:52":0,"b:44:14:44:Infinity":0,"b:45:15:45:Infinity":1,"b:47:10:47:Infinity":2,"b:48:9:48:Infinity":3,"b:49:13:49:Infinity":4,"b:51:20:51:Infinity":5,"b:53:15:53:Infinity":6,"b:56:12:56:Infinity":7,"b:57:12:57:Infinity":8,"b:58:18:58:Infinity":9,"s:60:18:60:58":1,"s:61:23:61:73":2,"s:63:40:85:Infinity":3,"f:65:4:65:13":1,"s:66:6:72:Infinity":4,"f:74:4:74:11":2,"s:75:6:82:Infinity":5,"f:79:8:79:18":3,"s:79:24:79:43":6,"s:87:21:87:Infinity":7,"b:87:39:87:68:87:71:87:Infinity":10,"s:89:8:101:4":8,"f:97:4:97:15":4,"s:97:23:97:Infinity":9,"s:103:2:107:Infinity":10,"f:103:2:103:18":5,"b:104:4:105:Infinity:undefined:undefined:undefined:undefined":11,"s:104:4:105:Infinity":11,"s:105:6:105:Infinity":12,"f:105:50:105:58":6,"s:105:64:105:80":13,"s:109:21:109:48":14,"s:110:13:110:Infinity":15,"b:110:37:110:51:110:51:110:Infinity":12,"b:112:2:113:Infinity:undefined:undefined:undefined:undefined":13,"s:112:2:113:Infinity":16,"s:113:4:113:Infinity":17,"b:113:80:113:84:113:84:113:90":14,"b:116:2:123:Infinity:undefined:undefined:undefined:undefined":15,"s:116:2:123:Infinity":18,"s:117:4:123:Infinity":19,"b:127:2:134:Infinity:undefined:undefined:undefined:undefined":16,"s:127:2:134:Infinity":20,"b:127:6:127:27:127:27:127:39":17,"s:128:4:134:Infinity":21,"s:138:2:328:Infinity":22,"b:141:7:141:21:141:21:141:Infinity:142:8:147:Infinity":18,"f:159:39:159:44":7,"s:160:16:195:Infinity":23,"f:161:30:161:35":8,"s:162:20:193:Infinity":24,"b:172:58:172:74:172:77:172:Infinity":19,"b:173:78:173:90:173:90:173:Infinity":20,"b:173:32:173:49:173:49:173:75":21,"b:177:47:177:86:177:89:177:Infinity":22,"b:181:25:181:42:181:42:181:68:182:26:190:Infinity":23,"b:184:30:185:39:185:32:188:Infinity":24,"b:186:30:188:31:188:30:188:Infinity":25,"f:199:40:199:45":9,"s:200:16:225:Infinity":25,"b:205:24:205:Infinity:206:24:208:Infinity":26,"b:208:26:208:37:208:37:208:56:208:56:208:Infinity":27,"f:211:18:211:33":10,"s:211:33:211:72":26,"b:211:33:211:52:211:52:211:72":28,"f:213:41:213:46":11,"s:214:20:223:Infinity":27,"f:233:36:233:41":12,"s:234:26:234:87":28,"f:234:48:234:56":13,"s:234:62:234:87":29,"s:235:29:235:46":30,"s:236:28:236:72":31,"f:236:34:236:40":14,"s:236:46:236:72":32,"s:237:12:264:Infinity":33,"b:242:18:242:37:242:41:242:Infinity":29,"f:247:30:247:35":15,"s:248:22:250:Infinity":34,"b:253:19:253:Infinity:254:20:254:Infinity":30,"f:258:34:258:42":16,"s:258:48:258:74":35,"f:258:75:258:80":17,"s:259:20:261:Infinity":36,"b:271:7:271:27:271:27:271:Infinity:272:8:328:Infinity":31,"f:281:36:281:46":18,"s:281:46:281:71":37,"f:282:36:282:46":19,"s:282:46:282:78":38,"f:283:36:283:46":20,"s:283:46:283:78":39,"f:284:36:284:46":21,"s:284:46:284:80":40,"f:285:24:285:29":22,"s:286:14:302:Infinity":41,"b:295:41:295:57:295:57:295:Infinity":32,"b:296:36:296:57:296:57:296:Infinity":33,"b:297:37:297:53:297:53:297:Infinity":34,"b:298:38:298:44:298:44:298:Infinity":35,"f:312:14:312:25":23,"s:313:26:313:48":42,"b:314:16:314:Infinity:undefined:undefined:undefined:undefined":36,"s:314:16:314:Infinity":43,"b:314:20:314:30:314:30:314:47":37,"s:314:47:314:Infinity":44}}}
,"D:\\Workspace\\Github\\my-bad-idea\\NexusAdmin\\nexus-admin\\components\\common\\EmptyState.tsx": {"path":"D:\\Workspace\\Github\\my-bad-idea\\NexusAdmin\\nexus-admin\\components\\common\\EmptyState.tsx","statementMap":{"0":{"start":{"line":11,"column":15},"end":{"line":30,"column":null}},"1":{"start":{"line":14,"column":27},"end":{"line":14,"column":null}},"2":{"start":{"line":15,"column":26},"end":{"line":15,"column":null}},"3":{"start":{"line":16,"column":33},"end":{"line":16,"column":null}},"4":{"start":{"line":20,"column":17},"end":{"line":20,"column":null}},"5":{"start":{"line":21,"column":40},"end":{"line":21,"column":null}},"6":{"start":{"line":22,"column":23},"end":{"line":22,"column":null}},"7":{"start":{"line":26,"column":17},"end":{"line":26,"column":null}},"8":{"start":{"line":27,"column":16},"end":{"line":27,"column":null}},"9":{"start":{"line":28,"column":23},"end":{"line":28,"column":null}},"10":{"start":{"line":33,"column":14},"end":{"line":33,"column":null}},"11":{"start":{"line":34,"column":19},"end":{"line":34,"column":null}},"12":{"start":{"line":35,"column":16},"end":{"line":35,"column":35}},"13":{"start":{"line":36,"column":15},"end":{"line":36,"column":105}},"14":{"start":{"line":37,"column":22},"end":{"line":37,"column":47}},"15":{"start":{"line":39,"column":2},"end":{"line":64,"column":null}}},"fnMap":{"0":{"name":"(anonymous_0)","decl":{"start":{"line":14,"column":4},"end":{"line":14,"column":12}},"loc":{"start":{"line":14,"column":27},"end":{"line":14,"column":null}},"line":14},"1":{"name":"(anonymous_1)","decl":{"start":{"line":15,"column":4},"end":{"line":15,"column":11}},"loc":{"start":{"line":15,"column":26},"end":{"line":15,"column":null}},"line":15},"2":{"name":"(anonymous_2)","decl":{"start":{"line":16,"column":4},"end":{"line":16,"column":18}},"loc":{"start":{"line":16,"column":33},"end":{"line":16,"column":null}},"line":16},"3":{"name":"(anonymous_3)","decl":{"start":{"line":20,"column":4},"end":{"line":20,"column":17}},"loc":{"start":{"line":20,"column":17},"end":{"line":20,"column":null}},"line":20},"4":{"name":"(anonymous_4)","decl":{"start":{"line":21,"column":4},"end":{"line":21,"column":11}},"loc":{"start":{"line":21,"column":40},"end":{"line":21,"column":null}},"line":21},"5":{"name":"(anonymous_5)","decl":{"start":{"line":22,"column":4},"end":{"line":22,"column":23}},"loc":{"start":{"line":22,"column":23},"end":{"line":22,"column":null}},"line":22},"6":{"name":"(anonymous_6)","decl":{"start":{"line":26,"column":4},"end":{"line":26,"column":17}},"loc":{"start":{"line":26,"column":17},"end":{"line":26,"column":null}},"line":26},"7":{"name":"(anonymous_7)","decl":{"start":{"line":27,"column":4},"end":{"line":27,"column":16}},"loc":{"start":{"line":27,"column":16},"end":{"line":27,"column":null}},"line":27},"8":{"name":"(anonymous_8)","decl":{"start":{"line":28,"column":4},"end":{"line":28,"column":23}},"loc":{"start":{"line":28,"column":23},"end":{"line":28,"column":null}},"line":28},"9":{"name":"EmptyState","decl":{"start":{"line":32,"column":16},"end":{"line":32,"column":27}},"loc":{"start":{"line":32,"column":84},"end":{"line":64,"column":null}},"line":32}},"branchMap":{"0":{"loc":{"start":{"line":14,"column":33},"end":{"line":14,"column":46}},"type":"binary-expr","locations":[{"start":{"line":14,"column":33},"end":{"line":14,"column":38}},{"start":{"line":14,"column":38},"end":{"line":14,"column":46}}],"line":14},"1":{"loc":{"start":{"line":15,"column":64},"end":{"line":15,"column":76}},"type":"binary-expr","locations":[{"start":{"line":15,"column":64},"end":{"line":15,"column":69}},{"start":{"line":15,"column":69},"end":{"line":15,"column":76}}],"line":15},"2":{"loc":{"start":{"line":16,"column":40},"end":{"line":16,"column":null}},"type":"binary-expr","locations":[{"start":{"line":16,"column":40},"end":{"line":16,"column":45}},{"start":{"line":16,"column":45},"end":{"line":16,"column":null}}],"line":16},"3":{"loc":{"start":{"line":21,"column":40},"end":{"line":21,"column":null}},"type":"cond-expr","locations":[{"start":{"line":21,"column":45},"end":{"line":21,"column":97}},{"start":{"line":21,"column":97},"end":{"line":21,"column":null}}],"line":21},"4":{"loc":{"start":{"line":36,"column":15},"end":{"line":36,"column":105}},"type":"cond-expr","locations":[{"start":{"line":36,"column":40},"end":{"line":36,"column":84}},{"start":{"line":36,"column":87},"end":{"line":36,"column":105}}],"line":36},"5":{"loc":{"start":{"line":61,"column":7},"end":{"line":64,"column":null}},"type":"binary-expr","locations":[{"start":{"line":61,"column":7},"end":{"line":61,"column":19}},{"start":{"line":61,"column":19},"end":{"line":61,"column":34}},{"start":{"line":61,"column":34},"end":{"line":61,"column":null}},{"start":{"line":62,"column":8},"end":{"line":64,"column":null}}],"line":61}},"s":{"0":0,"1":0,"2":0,"3":0,"4":0,"5":0,"6":0,"7":0,"8":0,"9":0,"10":0,"11":0,"12":0,"13":0,"14":0,"15":0},"f":{"0":0,"1":0,"2":0,"3":0,"4":0,"5":0,"6":0,"7":0,"8":0,"9":0},"b":{"0":[0,0],"1":[0,0],"2":[0,0],"3":[0,0],"4":[0,0],"5":[0,0,0,0]},"meta":{"lastBranch":6,"lastFunction":10,"lastStatement":16,"seen":{"s:11:15:30:Infinity":0,"f:14:4:14:12":0,"s:14:27:14:Infinity":1,"b:14:33:14:38:14:38:14:46":0,"f:15:4:15:11":1,"s:15:26:15:Infinity":2,"b:15:64:15:69:15:69:15:76":1,"f:16:4:16:18":2,"s:16:33:16:Infinity":3,"b:16:40:16:45:16:45:16:Infinity":2,"f:20:4:20:17":3,"s:20:17:20:Infinity":4,"f:21:4:21:11":4,"s:21:40:21:Infinity":5,"b:21:45:21:97:21:97:21:Infinity":3,"f:22:4:22:23":5,"s:22:23:22:Infinity":6,"f:26:4:26:17":6,"s:26:17:26:Infinity":7,"f:27:4:27:16":7,"s:27:16:27:Infinity":8,"f:28:4:28:23":8,"s:28:23:28:Infinity":9,"f:32:16:32:27":9,"s:33:14:33:Infinity":10,"s:34:19:34:Infinity":11,"s:35:16:35:35":12,"s:36:15:36:105":13,"b:36:40:36:84:36:87:36:105":4,"s:37:22:37:47":14,"s:39:2:64:Infinity":15,"b:61:7:61:19:61:19:61:34:61:34:61:Infinity:62:8:64:Infinity":5}}}
,"D:\\Workspace\\Github\\my-bad-idea\\NexusAdmin\\nexus-admin\\components\\common\\PageContainer.tsx": {"path":"D:\\Workspace\\Github\\my-bad-idea\\NexusAdmin\\nexus-admin\\components\\common\\PageContainer.tsx","statementMap":{"0":{"start":{"line":21,"column":2},"end":{"line":51,"column":null}}},"fnMap":{"0":{"name":"PageContainer","decl":{"start":{"line":13,"column":16},"end":{"line":13,"column":30}},"loc":{"start":{"line":20,"column":23},"end":{"line":51,"column":null}},"line":20}},"branchMap":{"0":{"loc":{"start":{"line":18,"column":2},"end":{"line":18,"column":null}},"type":"default-arg","locations":[{"start":{"line":18,"column":12},"end":{"line":18,"column":null}}],"line":18},"1":{"loc":{"start":{"line":19,"column":2},"end":{"line":19,"column":null}},"type":"default-arg","locations":[{"start":{"line":19,"column":13},"end":{"line":19,"column":null}}],"line":19},"2":{"loc":{"start":{"line":25,"column":8},"end":{"line":25,"column":null}},"type":"binary-expr","locations":[{"start":{"line":25,"column":8},"end":{"line":25,"column":29}},{"start":{"line":25,"column":29},"end":{"line":25,"column":null}}],"line":25},"3":{"loc":{"start":{"line":26,"column":8},"end":{"line":26,"column":null}},"type":"binary-expr","locations":[{"start":{"line":26,"column":8},"end":{"line":26,"column":33}},{"start":{"line":26,"column":33},"end":{"line":26,"column":null}}],"line":26},"4":{"loc":{"start":{"line":22,"column":4},"end":{"line":51,"column":null}},"type":"binary-expr","locations":[{"start":{"line":29,"column":8},"end":{"line":29,"column":17}},{"start":{"line":29,"column":17},"end":{"line":29,"column":null}},{"start":{"line":30,"column":8},"end":{"line":51,"column":null}}],"line":22},"5":{"loc":{"start":{"line":42,"column":13},"end":{"line":47,"column":null}},"type":"binary-expr","locations":[{"start":{"line":42,"column":13},"end":{"line":42,"column":null}},{"start":{"line":43,"column":14},"end":{"line":47,"column":null}}],"line":42},"6":{"loc":{"start":{"line":48,"column":11},"end":{"line":48,"column":null}},"type":"binary-expr","locations":[{"start":{"line":48,"column":11},"end":{"line":48,"column":22}},{"start":{"line":48,"column":22},"end":{"line":48,"column":null}}],"line":48}},"s":{"0":0},"f":{"0":0},"b":{"0":[0],"1":[0],"2":[0,0],"3":[0,0],"4":[0,0,0],"5":[0,0],"6":[0,0]},"meta":{"lastBranch":7,"lastFunction":1,"lastStatement":1,"seen":{"f:13:16:13:30":0,"b:18:12:18:Infinity":0,"b:19:13:19:Infinity":1,"s:21:2:51:Infinity":0,"b:25:8:25:29:25:29:25:Infinity":2,"b:26:8:26:33:26:33:26:Infinity":3,"b:29:8:29:17:29:17:29:Infinity:30:8:51:Infinity":4,"b:42:13:42:Infinity:43:14:47:Infinity":5,"b:48:11:48:22:48:22:48:Infinity":6}}}
,"D:\\Workspace\\Github\\my-bad-idea\\NexusAdmin\\nexus-admin\\components\\common\\SkeletonTable.tsx": {"path":"D:\\Workspace\\Github\\my-bad-idea\\NexusAdmin\\nexus-admin\\components\\common\\SkeletonTable.tsx","statementMap":{"0":{"start":{"line":7,"column":2},"end":{"line":49,"column":null}},"1":{"start":{"line":18,"column":10},"end":{"line":26,"column":null}},"2":{"start":{"line":31,"column":8},"end":{"line":48,"column":null}},"3":{"start":{"line":37,"column":12},"end":{"line":46,"column":null}}},"fnMap":{"0":{"name":"SkeletonTable","decl":{"start":{"line":6,"column":16},"end":{"line":6,"column":30}},"loc":{"start":{"line":6,"column":77},"end":{"line":49,"column":null}},"line":6},"1":{"name":"(anonymous_1)","decl":{"start":{"line":17,"column":41},"end":{"line":17,"column":46}},"loc":{"start":{"line":18,"column":10},"end":{"line":26,"column":null}},"line":18},"2":{"name":"(anonymous_2)","decl":{"start":{"line":30,"column":36},"end":{"line":30,"column":41}},"loc":{"start":{"line":31,"column":8},"end":{"line":48,"column":null}},"line":31},"3":{"name":"(anonymous_3)","decl":{"start":{"line":36,"column":43},"end":{"line":36,"column":48}},"loc":{"start":{"line":37,"column":12},"end":{"line":46,"column":null}},"line":37}},"branchMap":{"0":{"loc":{"start":{"line":6,"column":32},"end":{"line":6,"column":42}},"type":"default-arg","locations":[{"start":{"line":6,"column":39},"end":{"line":6,"column":42}}],"line":6},"1":{"loc":{"start":{"line":6,"column":42},"end":{"line":6,"column":77}},"type":"default-arg","locations":[{"start":{"line":6,"column":52},"end":{"line":6,"column":77}}],"line":6},"2":{"loc":{"start":{"line":24,"column":20},"end":{"line":24,"column":null}},"type":"cond-expr","locations":[{"start":{"line":24,"column":30},"end":{"line":24,"column":43}},{"start":{"line":24,"column":43},"end":{"line":24,"column":null}}],"line":24},"3":{"loc":{"start":{"line":24,"column":43},"end":{"line":24,"column":null}},"type":"cond-expr","locations":[{"start":{"line":24,"column":63},"end":{"line":24,"column":76}},{"start":{"line":24,"column":76},"end":{"line":24,"column":null}}],"line":24},"4":{"loc":{"start":{"line":34,"column":31},"end":{"line":34,"column":82}},"type":"cond-expr","locations":[{"start":{"line":34,"column":45},"end":{"line":34,"column":66}},{"start":{"line":34,"column":66},"end":{"line":34,"column":82}}],"line":34},"5":{"loc":{"start":{"line":43,"column":22},"end":{"line":43,"column":null}},"type":"cond-expr","locations":[{"start":{"line":43,"column":32},"end":{"line":43,"column":45}},{"start":{"line":43,"column":45},"end":{"line":43,"column":null}}],"line":43},"6":{"loc":{"start":{"line":43,"column":45},"end":{"line":43,"column":null}},"type":"cond-expr","locations":[{"start":{"line":43,"column":65},"end":{"line":43,"column":78}},{"start":{"line":43,"column":78},"end":{"line":43,"column":null}}],"line":43}},"s":{"0":0,"1":0,"2":0,"3":0},"f":{"0":0,"1":0,"2":0,"3":0},"b":{"0":[0],"1":[0],"2":[0,0],"3":[0,0],"4":[0,0],"5":[0,0],"6":[0,0]},"meta":{"lastBranch":7,"lastFunction":4,"lastStatement":4,"seen":{"f:6:16:6:30":0,"b:6:39:6:42":0,"b:6:52:6:77":1,"s:7:2:49:Infinity":0,"f:17:41:17:46":1,"s:18:10:26:Infinity":1,"b:24:30:24:43:24:43:24:Infinity":2,"b:24:63:24:76:24:76:24:Infinity":3,"f:30:36:30:41":2,"s:31:8:48:Infinity":2,"b:34:45:34:66:34:66:34:82":4,"f:36:43:36:48":3,"s:37:12:46:Infinity":3,"b:43:32:43:45:43:45:43:Infinity":5,"b:43:65:43:78:43:78:43:Infinity":6}}}
,"D:\\Workspace\\Github\\my-bad-idea\\NexusAdmin\\nexus-admin\\components\\layout\\Header.tsx": {"path":"D:\\Workspace\\Github\\my-bad-idea\\NexusAdmin\\nexus-admin\\components\\layout\\Header.tsx","statementMap":{"0":{"start":{"line":1,"column":0},"end":{"line":1,"column":null}},"1":{"start":{"line":15,"column":8},"end":{"line":15,"column":42}},"2":{"start":{"line":15,"column":35},"end":{"line":15,"column":42}},"3":{"start":{"line":16,"column":16},"end":{"line":16,"column":43}},"4":{"start":{"line":18,"column":2},"end":{"line":78,"column":null}},"5":{"start":{"line":39,"column":45},"end":{"line":39,"column":61}},"6":{"start":{"line":42,"column":45},"end":{"line":42,"column":60}},"7":{"start":{"line":45,"column":45},"end":{"line":45,"column":62}}},"fnMap":{"0":{"name":"Header","decl":{"start":{"line":14,"column":16},"end":{"line":14,"column":25}},"loc":{"start":{"line":14,"column":25},"end":{"line":78,"column":null}},"line":14},"1":{"name":"(anonymous_1)","decl":{"start":{"line":15,"column":15},"end":{"line":15,"column":29}},"loc":{"start":{"line":15,"column":35},"end":{"line":15,"column":42}},"line":15},"2":{"name":"(anonymous_2)","decl":{"start":{"line":39,"column":30},"end":{"line":39,"column":45}},"loc":{"start":{"line":39,"column":45},"end":{"line":39,"column":61}},"line":39},"3":{"name":"(anonymous_3)","decl":{"start":{"line":42,"column":30},"end":{"line":42,"column":45}},"loc":{"start":{"line":42,"column":45},"end":{"line":42,"column":60}},"line":42},"4":{"name":"(anonymous_4)","decl":{"start":{"line":45,"column":30},"end":{"line":45,"column":45}},"loc":{"start":{"line":45,"column":45},"end":{"line":45,"column":62}},"line":45}},"branchMap":{"0":{"loc":{"start":{"line":36,"column":13},"end":{"line":36,"column":null}},"type":"cond-expr","locations":[{"start":{"line":36,"column":32},"end":{"line":36,"column":61}},{"start":{"line":36,"column":52},"end":{"line":36,"column":null}}],"line":36},"1":{"loc":{"start":{"line":36,"column":52},"end":{"line":36,"column":null}},"type":"cond-expr","locations":[{"start":{"line":36,"column":70},"end":{"line":36,"column":92}},{"start":{"line":36,"column":91},"end":{"line":36,"column":null}}],"line":36},"2":{"loc":{"start":{"line":65,"column":17},"end":{"line":65,"column":null}},"type":"binary-expr","locations":[{"start":{"line":65,"column":17},"end":{"line":65,"column":38}},{"start":{"line":65,"column":42},"end":{"line":65,"column":null}}],"line":65}},"s":{"0":0,"1":0,"2":0,"3":0,"4":0,"5":0,"6":0,"7":0},"f":{"0":0,"1":0,"2":0,"3":0,"4":0},"b":{"0":[0,0],"1":[0,0],"2":[0,0]},"meta":{"lastBranch":3,"lastFunction":5,"lastStatement":8,"seen":{"s:1:0:1:Infinity":0,"f:14:16:14:25":0,"s:15:8:15:42":1,"f:15:15:15:29":1,"s:15:35:15:42":2,"s:16:16:16:43":3,"s:18:2:78:Infinity":4,"b:36:32:36:61:36:52:36:Infinity":0,"b:36:70:36:92:36:91:36:Infinity":1,"f:39:30:39:45":2,"s:39:45:39:61":5,"f:42:30:42:45":3,"s:42:45:42:60":6,"f:45:30:45:45":4,"s:45:45:45:62":7,"b:65:17:65:38:65:42:65:Infinity":2}}}
,"D:\\Workspace\\Github\\my-bad-idea\\NexusAdmin\\nexus-admin\\components\\layout\\Sidebar.tsx": {"path":"D:\\Workspace\\Github\\my-bad-idea\\NexusAdmin\\nexus-admin\\components\\layout\\Sidebar.tsx","statementMap":{"0":{"start":{"line":1,"column":0},"end":{"line":1,"column":null}},"1":{"start":{"line":11,"column":93},"end":{"line":16,"column":null}},"2":{"start":{"line":27,"column":31},"end":{"line":29,"column":null}},"3":{"start":{"line":32,"column":6},"end":{"line":39,"column":null}},"4":{"start":{"line":32,"column":65},"end":{"line":39,"column":null}},"5":{"start":{"line":42,"column":8},"end":{"line":42,"column":32}},"6":{"start":{"line":43,"column":8},"end":{"line":43,"column":28}},"7":{"start":{"line":44,"column":8},"end":{"line":44,"column":58}},"8":{"start":{"line":45,"column":15},"end":{"line":45,"column":null}},"9":{"start":{"line":46,"column":19},"end":{"line":46,"column":null}},"10":{"start":{"line":47,"column":19},"end":{"line":47,"column":79}},"11":{"start":{"line":49,"column":2},"end":{"line":49,"column":null}},"12":{"start":{"line":49,"column":39},"end":{"line":49,"column":null}},"13":{"start":{"line":51,"column":8},"end":{"line":53,"column":null}},"14":{"start":{"line":56,"column":2},"end":{"line":75,"column":null}},"15":{"start":{"line":57,"column":4},"end":{"line":75,"column":null}},"16":{"start":{"line":60,"column":25},"end":{"line":60,"column":46}},"17":{"start":{"line":79,"column":2},"end":{"line":92,"column":null}},"18":{"start":{"line":81,"column":21},"end":{"line":81,"column":42}},"19":{"start":{"line":98,"column":21},"end":{"line":98,"column":55}},"20":{"start":{"line":99,"column":8},"end":{"line":99,"column":52}},"21":{"start":{"line":99,"column":40},"end":{"line":99,"column":52}},"22":{"start":{"line":100,"column":8},"end":{"line":100,"column":28}},"23":{"start":{"line":102,"column":8},"end":{"line":105,"column":null}},"24":{"start":{"line":103,"column":4},"end":{"line":103,"column":null}},"25":{"start":{"line":104,"column":4},"end":{"line":104,"column":null}},"26":{"start":{"line":105,"column":4},"end":{"line":105,"column":null}},"27":{"start":{"line":108,"column":2},"end":{"line":187,"column":null}},"28":{"start":{"line":153,"column":12},"end":{"line":153,"column":null}}},"fnMap":{"0":{"name":"(anonymous_0)","decl":{"start":{"line":32,"column":6},"end":{"line":32,"column":22}},"loc":{"start":{"line":32,"column":65},"end":{"line":39,"column":null}},"line":32},"1":{"name":"NavItemComponent","decl":{"start":{"line":41,"column":9},"end":{"line":41,"column":26}},"loc":{"start":{"line":41,"column":110},"end":{"line":92,"column":null}},"line":41},"2":{"name":"(anonymous_2)","decl":{"start":{"line":60,"column":10},"end":{"line":60,"column":25}},"loc":{"start":{"line":60,"column":25},"end":{"line":60,"column":46}},"line":60},"3":{"name":"(anonymous_3)","decl":{"start":{"line":81,"column":6},"end":{"line":81,"column":21}},"loc":{"start":{"line":81,"column":21},"end":{"line":81,"column":42}},"line":81},"4":{"name":"Sidebar","decl":{"start":{"line":97,"column":16},"end":{"line":97,"column":24}},"loc":{"start":{"line":97,"column":56},"end":{"line":187,"column":null}},"line":97},"5":{"name":"(anonymous_5)","decl":{"start":{"line":99,"column":20},"end":{"line":99,"column":34}},"loc":{"start":{"line":99,"column":40},"end":{"line":99,"column":52}},"line":99},"6":{"name":"(anonymous_6)","decl":{"start":{"line":102,"column":8},"end":{"line":102,"column":29}},"loc":{"start":{"line":102,"column":29},"end":{"line":105,"column":null}},"line":102},"7":{"name":"(anonymous_7)","decl":{"start":{"line":152,"column":23},"end":{"line":152,"column":28}},"loc":{"start":{"line":153,"column":12},"end":{"line":153,"column":null}},"line":153}},"branchMap":{"0":{"loc":{"start":{"line":34,"column":11},"end":{"line":34,"column":null}},"type":"cond-expr","locations":[{"start":{"line":34,"column":23},"end":{"line":34,"column":29}},{"start":{"line":34,"column":29},"end":{"line":34,"column":null}}],"line":34},"1":{"loc":{"start":{"line":35,"column":18},"end":{"line":35,"column":null}},"type":"cond-expr","locations":[{"start":{"line":35,"column":30},"end":{"line":35,"column":50}},{"start":{"line":35,"column":50},"end":{"line":35,"column":null}}],"line":35},"2":{"loc":{"start":{"line":37,"column":9},"end":{"line":37,"column":null}},"type":"cond-expr","locations":[{"start":{"line":37,"column":20},"end":{"line":37,"column":52}},{"start":{"line":37,"column":52},"end":{"line":37,"column":null}}],"line":37},"3":{"loc":{"start":{"line":38,"column":14},"end":{"line":38,"column":null}},"type":"cond-expr","locations":[{"start":{"line":38,"column":25},"end":{"line":38,"column":55}},{"start":{"line":38,"column":55},"end":{"line":38,"column":null}}],"line":38},"4":{"loc":{"start":{"line":44,"column":38},"end":{"line":44,"column":58}},"type":"binary-expr","locations":[{"start":{"line":44,"column":38},"end":{"line":44,"column":55}},{"start":{"line":44,"column":55},"end":{"line":44,"column":58}}],"line":44},"5":{"loc":{"start":{"line":45,"column":15},"end":{"line":45,"column":null}},"type":"binary-expr","locations":[{"start":{"line":45,"column":15},"end":{"line":45,"column":38}},{"start":{"line":45,"column":38},"end":{"line":45,"column":null}}],"line":45},"6":{"loc":{"start":{"line":47,"column":19},"end":{"line":47,"column":79}},"type":"binary-expr","locations":[{"start":{"line":47,"column":19},"end":{"line":47,"column":44}},{"start":{"line":47,"column":44},"end":{"line":47,"column":79}}],"line":47},"7":{"loc":{"start":{"line":49,"column":2},"end":{"line":49,"column":null}},"type":"if","locations":[{"start":{"line":49,"column":2},"end":{"line":49,"column":null}},{"start":{},"end":{}}],"line":49},"8":{"loc":{"start":{"line":49,"column":6},"end":{"line":49,"column":39}},"type":"binary-expr","locations":[{"start":{"line":49,"column":6},"end":{"line":49,"column":23}},{"start":{"line":49,"column":23},"end":{"line":49,"column":39}}],"line":49},"9":{"loc":{"start":{"line":53,"column":4},"end":{"line":53,"column":null}},"type":"binary-expr","locations":[{"start":{"line":53,"column":4},"end":{"line":53,"column":17}},{"start":{"line":53,"column":17},"end":{"line":53,"column":null}}],"line":53},"10":{"loc":{"start":{"line":56,"column":2},"end":{"line":75,"column":null}},"type":"if","locations":[{"start":{"line":56,"column":2},"end":{"line":75,"column":null}},{"start":{},"end":{}}],"line":56},"11":{"loc":{"start":{"line":64,"column":11},"end":{"line":70,"column":11}},"type":"binary-expr","locations":[{"start":{"line":64,"column":11},"end":{"line":64,"column":null}},{"start":{"line":65,"column":12},"end":{"line":70,"column":11}}],"line":64},"12":{"loc":{"start":{"line":85,"column":7},"end":{"line":89,"column":null}},"type":"binary-expr","locations":[{"start":{"line":85,"column":7},"end":{"line":85,"column":null}},{"start":{"line":86,"column":8},"end":{"line":89,"column":null}}],"line":85},"13":{"loc":{"start":{"line":112,"column":15},"end":{"line":112,"column":null}},"type":"cond-expr","locations":[{"start":{"line":112,"column":27},"end":{"line":112,"column":58}},{"start":{"line":112,"column":58},"end":{"line":112,"column":null}}],"line":112},"14":{"loc":{"start":{"line":126,"column":19},"end":{"line":126,"column":null}},"type":"cond-expr","locations":[{"start":{"line":126,"column":31},"end":{"line":126,"column":37}},{"start":{"line":126,"column":37},"end":{"line":126,"column":null}}],"line":126},"15":{"loc":{"start":{"line":127,"column":26},"end":{"line":127,"column":null}},"type":"cond-expr","locations":[{"start":{"line":127,"column":38},"end":{"line":127,"column":49}},{"start":{"line":127,"column":49},"end":{"line":127,"column":null}}],"line":127},"16":{"loc":{"start":{"line":137,"column":9},"end":{"line":140,"column":null}},"type":"binary-expr","locations":[{"start":{"line":137,"column":9},"end":{"line":137,"column":null}},{"start":{"line":138,"column":10},"end":{"line":140,"column":null}}],"line":137},"17":{"loc":{"start":{"line":146,"column":9},"end":{"line":151,"column":9}},"type":"binary-expr","locations":[{"start":{"line":146,"column":9},"end":{"line":146,"column":null}},{"start":{"line":147,"column":10},"end":{"line":151,"column":9}}],"line":146},"18":{"loc":{"start":{"line":160,"column":9},"end":{"line":181,"column":9}},"type":"cond-expr","locations":[{"start":{"line":161,"column":10},"end":{"line":172,"column":11}},{"start":{"line":172,"column":10},"end":{"line":181,"column":9}}],"line":160},"19":{"loc":{"start":{"line":186,"column":11},"end":{"line":186,"column":null}},"type":"cond-expr","locations":[{"start":{"line":186,"column":23},"end":{"line":186,"column":53}},{"start":{"line":186,"column":52},"end":{"line":186,"column":null}}],"line":186}},"s":{"0":0,"1":0,"2":0,"3":0,"4":0,"5":0,"6":0,"7":0,"8":0,"9":0,"10":0,"11":0,"12":0,"13":0,"14":0,"15":0,"16":0,"17":0,"18":0,"19":0,"20":0,"21":0,"22":0,"23":0,"24":0,"25":0,"26":0,"27":0,"28":0},"f":{"0":0,"1":0,"2":0,"3":0,"4":0,"5":0,"6":0,"7":0},"b":{"0":[0,0],"1":[0,0],"2":[0,0],"3":[0,0],"4":[0,0],"5":[0,0],"6":[0,0],"7":[0,0],"8":[0,0],"9":[0,0],"10":[0,0],"11":[0,0],"12":[0,0],"13":[0,0],"14":[0,0],"15":[0,0],"16":[0,0],"17":[0,0],"18":[0,0],"19":[0,0]},"meta":{"lastBranch":20,"lastFunction":8,"lastStatement":29,"seen":{"s:1:0:1:Infinity":0,"s:11:93:16:Infinity":1,"s:27:31:29:Infinity":2,"s:32:6:39:Infinity":3,"f:32:6:32:22":0,"s:32:65:39:Infinity":4,"b:34:23:34:29:34:29:34:Infinity":0,"b:35:30:35:50:35:50:35:Infinity":1,"b:37:20:37:52:37:52:37:Infinity":2,"b:38:25:38:55:38:55:38:Infinity":3,"f:41:9:41:26":1,"s:42:8:42:32":5,"s:43:8:43:28":6,"s:44:8:44:58":7,"b:44:38:44:55:44:55:44:58":4,"s:45:15:45:Infinity":8,"b:45:15:45:38:45:38:45:Infinity":5,"s:46:19:46:Infinity":9,"s:47:19:47:79":10,"b:47:19:47:44:47:44:47:79":6,"b:49:2:49:Infinity:undefined:undefined:undefined:undefined":7,"s:49:2:49:Infinity":11,"b:49:6:49:23:49:23:49:39":8,"s:49:39:49:Infinity":12,"s:51:8:53:Infinity":13,"b:53:4:53:17:53:17:53:Infinity":9,"b:56:2:75:Infinity:undefined:undefined:undefined:undefined":10,"s:56:2:75:Infinity":14,"s:57:4:75:Infinity":15,"f:60:10:60:25":2,"s:60:25:60:46":16,"b:64:11:64:Infinity:65:12:70:11":11,"s:79:2:92:Infinity":17,"f:81:6:81:21":3,"s:81:21:81:42":18,"b:85:7:85:Infinity:86:8:89:Infinity":12,"f:97:16:97:24":4,"s:98:21:98:55":19,"s:99:8:99:52":20,"f:99:20:99:34":5,"s:99:40:99:52":21,"s:100:8:100:28":22,"s:102:8:105:Infinity":23,"f:102:8:102:29":6,"s:103:4:103:Infinity":24,"s:104:4:104:Infinity":25,"s:105:4:105:Infinity":26,"s:108:2:187:Infinity":27,"b:112:27:112:58:112:58:112:Infinity":13,"b:126:31:126:37:126:37:126:Infinity":14,"b:127:38:127:49:127:49:127:Infinity":15,"b:137:9:137:Infinity:138:10:140:Infinity":16,"b:146:9:146:Infinity:147:10:151:9":17,"f:152:23:152:28":7,"s:153:12:153:Infinity":28,"b:161:10:172:11:172:10:181:9":18,"b:186:23:186:53:186:52:186:Infinity":19}}}
,"D:\\Workspace\\Github\\my-bad-idea\\NexusAdmin\\nexus-admin\\components\\ui\\DestructiveButton.tsx": {"path":"D:\\Workspace\\Github\\my-bad-idea\\NexusAdmin\\nexus-admin\\components\\ui\\DestructiveButton.tsx","statementMap":{"0":{"start":{"line":15,"column":2},"end":{"line":30,"column":null}}},"fnMap":{"0":{"name":"DestructiveButton","decl":{"start":{"line":14,"column":16},"end":{"line":14,"column":34}},"loc":{"start":{"line":14,"column":112},"end":{"line":30,"column":null}},"line":14}},"branchMap":{"0":{"loc":{"start":{"line":18,"column":16},"end":{"line":18,"column":null}},"type":"binary-expr","locations":[{"start":{"line":18,"column":16},"end":{"line":18,"column":28}},{"start":{"line":18,"column":28},"end":{"line":18,"column":null}}],"line":18},"1":{"loc":{"start":{"line":29,"column":7},"end":{"line":30,"column":null}},"type":"binary-expr","locations":[{"start":{"line":29,"column":7},"end":{"line":29,"column":18}},{"start":{"line":29,"column":18},"end":{"line":30,"column":null}}],"line":29}},"s":{"0":3},"f":{"0":3},"b":{"0":[3,1],"1":[3,0]},"meta":{"lastBranch":2,"lastFunction":1,"lastStatement":1,"seen":{"f:14:16:14:34":0,"s:15:2:30:Infinity":0,"b:18:16:18:28:18:28:18:Infinity":0,"b:29:7:29:18:29:18:30:Infinity":1}}}
,"D:\\Workspace\\Github\\my-bad-idea\\NexusAdmin\\nexus-admin\\components\\ui\\GhostButton.tsx": {"path":"D:\\Workspace\\Github\\my-bad-idea\\NexusAdmin\\nexus-admin\\components\\ui\\GhostButton.tsx","statementMap":{"0":{"start":{"line":10,"column":2},"end":{"line":24,"column":null}}},"fnMap":{"0":{"name":"GhostButton","decl":{"start":{"line":9,"column":16},"end":{"line":9,"column":28}},"loc":{"start":{"line":9,"column":97},"end":{"line":24,"column":null}},"line":9}},"branchMap":{},"s":{"0":8},"f":{"0":8},"b":{},"meta":{"lastBranch":0,"lastFunction":1,"lastStatement":1,"seen":{"f:9:16:9:28":0,"s:10:2:24:Infinity":0}}}
,"D:\\Workspace\\Github\\my-bad-idea\\NexusAdmin\\nexus-admin\\components\\ui\\OutlineButton.tsx": {"path":"D:\\Workspace\\Github\\my-bad-idea\\NexusAdmin\\nexus-admin\\components\\ui\\OutlineButton.tsx","statementMap":{"0":{"start":{"line":10,"column":2},"end":{"line":24,"column":null}}},"fnMap":{"0":{"name":"OutlineButton","decl":{"start":{"line":9,"column":16},"end":{"line":9,"column":30}},"loc":{"start":{"line":9,"column":99},"end":{"line":24,"column":null}},"line":9}},"branchMap":{},"s":{"0":0},"f":{"0":0},"b":{},"meta":{"lastBranch":0,"lastFunction":1,"lastStatement":1,"seen":{"f:9:16:9:30":0,"s:10:2:24:Infinity":0}}}
,"D:\\Workspace\\Github\\my-bad-idea\\NexusAdmin\\nexus-admin\\components\\ui\\PrimaryButton.tsx": {"path":"D:\\Workspace\\Github\\my-bad-idea\\NexusAdmin\\nexus-admin\\components\\ui\\PrimaryButton.tsx","statementMap":{"0":{"start":{"line":16,"column":2},"end":{"line":33,"column":null}}},"fnMap":{"0":{"name":"PrimaryButton","decl":{"start":{"line":15,"column":16},"end":{"line":15,"column":30}},"loc":{"start":{"line":15,"column":111},"end":{"line":33,"column":null}},"line":15}},"branchMap":{"0":{"loc":{"start":{"line":19,"column":16},"end":{"line":19,"column":null}},"type":"binary-expr","locations":[{"start":{"line":19,"column":16},"end":{"line":19,"column":28}},{"start":{"line":19,"column":28},"end":{"line":19,"column":null}}],"line":19},"1":{"loc":{"start":{"line":32,"column":7},"end":{"line":33,"column":null}},"type":"binary-expr","locations":[{"start":{"line":32,"column":7},"end":{"line":32,"column":18}},{"start":{"line":32,"column":18},"end":{"line":33,"column":null}}],"line":32}},"s":{"0":5},"f":{"0":5},"b":{"0":[5,5],"1":[5,1]},"meta":{"lastBranch":2,"lastFunction":1,"lastStatement":1,"seen":{"f:15:16:15:30":0,"s:16:2:33:Infinity":0,"b:19:16:19:28:19:28:19:Infinity":0,"b:32:7:32:18:32:18:33:Infinity":1}}}
,"D:\\Workspace\\Github\\my-bad-idea\\NexusAdmin\\nexus-admin\\components\\ui\\RoleBadge.tsx": {"path":"D:\\Workspace\\Github\\my-bad-idea\\NexusAdmin\\nexus-admin\\components\\ui\\RoleBadge.tsx","statementMap":{"0":{"start":{"line":3,"column":46},"end":{"line":7,"column":null}},"1":{"start":{"line":10,"column":16},"end":{"line":10,"column":null}},"2":{"start":{"line":11,"column":2},"end":{"line":28,"column":null}}},"fnMap":{"0":{"name":"RoleBadge","decl":{"start":{"line":9,"column":16},"end":{"line":9,"column":26}},"loc":{"start":{"line":9,"column":56},"end":{"line":28,"column":null}},"line":9}},"branchMap":{},"s":{"0":0,"1":0,"2":0},"f":{"0":0},"b":{},"meta":{"lastBranch":0,"lastFunction":1,"lastStatement":3,"seen":{"s:3:46:7:Infinity":0,"f:9:16:9:26":0,"s:10:16:10:Infinity":1,"s:11:2:28:Infinity":2}}}
,"D:\\Workspace\\Github\\my-bad-idea\\NexusAdmin\\nexus-admin\\components\\ui\\StatusBadge.tsx": {"path":"D:\\Workspace\\Github\\my-bad-idea\\NexusAdmin\\nexus-admin\\components\\ui\\StatusBadge.tsx","statementMap":{"0":{"start":{"line":3,"column":73},"end":{"line":7,"column":null}},"1":{"start":{"line":10,"column":24},"end":{"line":10,"column":null}},"2":{"start":{"line":11,"column":2},"end":{"line":36,"column":null}}},"fnMap":{"0":{"name":"StatusBadge","decl":{"start":{"line":9,"column":16},"end":{"line":9,"column":28}},"loc":{"start":{"line":9,"column":64},"end":{"line":36,"column":null}},"line":9}},"branchMap":{},"s":{"0":0,"1":0,"2":0},"f":{"0":0},"b":{},"meta":{"lastBranch":0,"lastFunction":1,"lastStatement":3,"seen":{"s:3:73:7:Infinity":0,"f:9:16:9:28":0,"s:10:24:10:Infinity":1,"s:11:2:36:Infinity":2}}}
,"D:\\Workspace\\Github\\my-bad-idea\\NexusAdmin\\nexus-admin\\components\\ui\\avatar.tsx": {"path":"D:\\Workspace\\Github\\my-bad-idea\\NexusAdmin\\nexus-admin\\components\\ui\\avatar.tsx","statementMap":{"0":{"start":{"line":1,"column":0},"end":{"line":1,"column":null}},"1":{"start":{"line":15,"column":2},"end":{"line":24,"column":null}},"2":{"start":{"line":29,"column":2},"end":{"line":37,"column":null}},"3":{"start":{"line":45,"column":2},"end":{"line":53,"column":null}},"4":{"start":{"line":58,"column":2},"end":{"line":69,"column":null}},"5":{"start":{"line":74,"column":2},"end":{"line":82,"column":null}},"6":{"start":{"line":90,"column":2},"end":{"line":98,"column":null}}},"fnMap":{"0":{"name":"Avatar","decl":{"start":{"line":8,"column":9},"end":{"line":8,"column":16}},"loc":{"start":{"line":14,"column":3},"end":{"line":24,"column":null}},"line":14},"1":{"name":"AvatarImage","decl":{"start":{"line":28,"column":9},"end":{"line":28,"column":21}},"loc":{"start":{"line":28,"column":75},"end":{"line":37,"column":null}},"line":28},"2":{"name":"AvatarFallback","decl":{"start":{"line":41,"column":9},"end":{"line":41,"column":24}},"loc":{"start":{"line":44,"column":35},"end":{"line":53,"column":null}},"line":44},"3":{"name":"AvatarBadge","decl":{"start":{"line":57,"column":9},"end":{"line":57,"column":21}},"loc":{"start":{"line":57,"column":76},"end":{"line":69,"column":null}},"line":57},"4":{"name":"AvatarGroup","decl":{"start":{"line":73,"column":9},"end":{"line":73,"column":21}},"loc":{"start":{"line":73,"column":75},"end":{"line":82,"column":null}},"line":73},"5":{"name":"AvatarGroupCount","decl":{"start":{"line":86,"column":9},"end":{"line":86,"column":26}},"loc":{"start":{"line":89,"column":32},"end":{"line":98,"column":null}},"line":89}},"branchMap":{"0":{"loc":{"start":{"line":10,"column":2},"end":{"line":10,"column":null}},"type":"default-arg","locations":[{"start":{"line":10,"column":9},"end":{"line":10,"column":null}}],"line":10}},"s":{"0":0,"1":0,"2":0,"3":0,"4":0,"5":0,"6":0},"f":{"0":0,"1":0,"2":0,"3":0,"4":0,"5":0},"b":{"0":[0]},"meta":{"lastBranch":1,"lastFunction":6,"lastStatement":7,"seen":{"s:1:0:1:Infinity":0,"f:8:9:8:16":0,"b:10:9:10:Infinity":0,"s:15:2:24:Infinity":1,"f:28:9:28:21":1,"s:29:2:37:Infinity":2,"f:41:9:41:24":2,"s:45:2:53:Infinity":3,"f:57:9:57:21":3,"s:58:2:69:Infinity":4,"f:73:9:73:21":4,"s:74:2:82:Infinity":5,"f:86:9:86:26":5,"s:90:2:98:Infinity":6}}}
,"D:\\Workspace\\Github\\my-bad-idea\\NexusAdmin\\nexus-admin\\components\\ui\\badge.tsx": {"path":"D:\\Workspace\\Github\\my-bad-idea\\NexusAdmin\\nexus-admin\\components\\ui\\badge.tsx","statementMap":{"0":{"start":{"line":7,"column":6},"end":{"line":27,"column":null}},"1":{"start":{"line":36,"column":2},"end":{"line":49,"column":null}}},"fnMap":{"0":{"name":"Badge","decl":{"start":{"line":30,"column":9},"end":{"line":30,"column":15}},"loc":{"start":{"line":35,"column":74},"end":{"line":49,"column":null}},"line":35}},"branchMap":{"0":{"loc":{"start":{"line":32,"column":2},"end":{"line":32,"column":null}},"type":"default-arg","locations":[{"start":{"line":32,"column":12},"end":{"line":32,"column":null}}],"line":32}},"s":{"0":0,"1":0},"f":{"0":0},"b":{"0":[0]},"meta":{"lastBranch":1,"lastFunction":1,"lastStatement":2,"seen":{"s:7:6:27:Infinity":0,"f:30:9:30:15":0,"b:32:12:32:Infinity":0,"s:36:2:49:Infinity":1}}}
,"D:\\Workspace\\Github\\my-bad-idea\\NexusAdmin\\nexus-admin\\components\\ui\\button.tsx": {"path":"D:\\Workspace\\Github\\my-bad-idea\\NexusAdmin\\nexus-admin\\components\\ui\\button.tsx","statementMap":{"0":{"start":{"line":1,"column":0},"end":{"line":1,"column":null}},"1":{"start":{"line":8,"column":6},"end":{"line":42,"column":null}},"2":{"start":{"line":51,"column":2},"end":{"line":56,"column":null}}},"fnMap":{"0":{"name":"Button","decl":{"start":{"line":45,"column":9},"end":{"line":45,"column":16}},"loc":{"start":{"line":50,"column":64},"end":{"line":56,"column":null}},"line":50}},"branchMap":{"0":{"loc":{"start":{"line":47,"column":2},"end":{"line":47,"column":null}},"type":"default-arg","locations":[{"start":{"line":47,"column":12},"end":{"line":47,"column":null}}],"line":47},"1":{"loc":{"start":{"line":48,"column":2},"end":{"line":48,"column":null}},"type":"default-arg","locations":[{"start":{"line":48,"column":9},"end":{"line":48,"column":null}}],"line":48}},"s":{"0":1,"1":1,"2":24},"f":{"0":24},"b":{"0":[24],"1":[24]},"meta":{"lastBranch":2,"lastFunction":1,"lastStatement":3,"seen":{"s:1:0:1:Infinity":0,"s:8:6:42:Infinity":1,"f:45:9:45:16":0,"b:47:12:47:Infinity":0,"b:48:9:48:Infinity":1,"s:51:2:56:Infinity":2}}}
,"D:\\Workspace\\Github\\my-bad-idea\\NexusAdmin\\nexus-admin\\components\\ui\\checkbox.tsx": {"path":"D:\\Workspace\\Github\\my-bad-idea\\NexusAdmin\\nexus-admin\\components\\ui\\checkbox.tsx","statementMap":{"0":{"start":{"line":1,"column":0},"end":{"line":1,"column":null}},"1":{"start":{"line":9,"column":2},"end":{"line":25,"column":null}}},"fnMap":{"0":{"name":"Checkbox","decl":{"start":{"line":8,"column":9},"end":{"line":8,"column":18}},"loc":{"start":{"line":8,"column":73},"end":{"line":25,"column":null}},"line":8}},"branchMap":{},"s":{"0":0,"1":0},"f":{"0":0},"b":{},"meta":{"lastBranch":0,"lastFunction":1,"lastStatement":2,"seen":{"s:1:0:1:Infinity":0,"f:8:9:8:18":0,"s:9:2:25:Infinity":1}}}
[...]
:41,"column":null}},"17":{"start":{"line":42,"column":4},"end":{"line":42,"column":null}},"18":{"start":{"line":45,"column":8},"end":{"line":45,"column":67}},"19":{"start":{"line":45,"column":29},"end":{"line":45,"column":67}},"20":{"start":{"line":47,"column":2},"end":{"line":47,"column":null}}},"fnMap":{"0":{"name":"useList","decl":{"start":{"line":18,"column":16},"end":{"line":18,"column":27}},"loc":{"start":{"line":18,"column":91},"end":{"line":47,"column":null}},"line":18},"1":{"name":"(anonymous_1)","decl":{"start":{"line":28,"column":4},"end":{"line":28,"column":19}},"loc":{"start":{"line":28,"column":19},"end":{"line":28,"column":58}},"line":28},"2":{"name":"(anonymous_2)","decl":{"start":{"line":29,"column":4},"end":{"line":29,"column":22}},"loc":{"start":{"line":29,"column":31},"end":{"line":29,"column":null}},"line":29},"3":{"name":"(anonymous_3)","decl":{"start":{"line":32,"column":8},"end":{"line":32,"column":21}},"loc":{"start":{"line":32,"column":52},"end":{"line":36,"column":null}},"line":32},"4":{"name":"(anonymous_4)","decl":{"start":{"line":39,"column":8},"end":{"line":39,"column":19}},"loc":{"start":{"line":39,"column":33},"end":{"line":42,"column":null}},"line":39},"5":{"name":"(anonymous_5)","decl":{"start":{"line":45,"column":8},"end":{"line":45,"column":29}},"loc":{"start":{"line":45,"column":29},"end":{"line":45,"column":67}},"line":45}},"branchMap":{"0":{"loc":{"start":{"line":18,"column":48},"end":{"line":18,"column":91}},"type":"default-arg","locations":[{"start":{"line":18,"column":66},"end":{"line":18,"column":91}}],"line":18},"1":{"loc":{"start":{"line":23,"column":22},"end":{"line":23,"column":52}},"type":"binary-expr","locations":[{"start":{"line":23,"column":22},"end":{"line":23,"column":46}},{"start":{"line":23,"column":50},"end":{"line":23,"column":52}}],"line":23},"2":{"loc":{"start":{"line":24,"column":26},"end":{"line":24,"column":70}},"type":"binary-expr","locations":[{"start":{"line":24,"column":26},"end":{"line":24,"column":50}},{"start":{"line":24,"column":54},"end":{"line":24,"column":70}}],"line":24},"3":{"loc":{"start":{"line":34,"column":4},"end":{"line":34,"column":45}},"type":"cond-expr","locations":[{"start":{"line":34,"column":12},"end":{"line":34,"column":29}},{"start":{"line":34,"column":32},"end":{"line":34,"column":45}}],"line":34}},"s":{"0":0,"1":0,"2":0,"3":0,"4":0,"5":0,"6":0,"7":0,"8":0,"9":0,"10":0,"11":0,"12":0,"13":0,"14":0,"15":0,"16":0,"17":0,"18":0,"19":0,"20":0},"f":{"0":0,"1":0,"2":0,"3":0,"4":0,"5":0},"b":{"0":[0],"1":[0,0],"2":[0,0],"3":[0,0]},"meta":{"lastBranch":4,"lastFunction":6,"lastStatement":21,"seen":{"s:1:0:1:Infinity":0,"f:18:16:18:27":0,"b:18:66:18:91":0,"s:19:8:19:40":1,"s:20:8:20:28":2,"s:22:18:22:60":3,"s:23:15:23:52":4,"b:23:22:23:46:23:50:23:52":1,"s:24:19:24:70":5,"b:24:26:24:50:24:54:24:70":2,"s:26:8:30:4":6,"f:28:4:28:19":1,"s:28:19:28:58":7,"f:29:4:29:22":2,"s:29:31:29:Infinity":8,"s:32:8:36:Infinity":9,"f:32:8:32:21":3,"s:33:14:33:47":10,"s:34:4:34:Infinity":11,"b:34:12:34:29:34:32:34:45":3,"s:35:4:35:Infinity":12,"s:36:4:36:Infinity":13,"s:39:8:42:Infinity":14,"f:39:8:39:19":4,"s:40:14:40:47":15,"s:41:4:41:Infinity":16,"s:42:4:42:Infinity":17,"s:45:8:45:67":18,"f:45:8:45:29":5,"s:45:29:45:67":19,"s:47:2:47:Infinity":20}}}
,"D:\\Workspace\\Github\\my-bad-idea\\NexusAdmin\\nexus-admin\\hooks\\usePermission.ts": {"path":"D:\\Workspace\\Github\\my-bad-idea\\NexusAdmin\\nexus-admin\\hooks\\usePermission.ts","statementMap":{"0":{"start":{"line":4,"column":2},"end":{"line":4,"column":null}},"1":{"start":{"line":4,"column":29},"end":{"line":4,"column":57}}},"fnMap":{"0":{"name":"usePermission","decl":{"start":{"line":3,"column":16},"end":{"line":3,"column":30}},"loc":{"start":{"line":3,"column":53},"end":{"line":4,"column":null}},"line":3},"1":{"name":"(anonymous_1)","decl":{"start":{"line":4,"column":9},"end":{"line":4,"column":23}},"loc":{"start":{"line":4,"column":29},"end":{"line":4,"column":57}},"line":4}},"branchMap":{},"s":{"0":8,"1":24},"f":{"0":8,"1":24},"b":{},"meta":{"lastBranch":0,"lastFunction":2,"lastStatement":2,"seen":{"f:3:16:3:30":0,"s:4:2:4:Infinity":0,"f:4:9:4:23":1,"s:4:29:4:57":1}}}
,"D:\\Workspace\\Github\\my-bad-idea\\NexusAdmin\\nexus-admin\\hooks\\templates\\useFormPage.ts": {"path":"D:\\Workspace\\Github\\my-bad-idea\\NexusAdmin\\nexus-admin\\hooks\\templates\\useFormPage.ts","statementMap":{"0":{"start":{"line":1,"column":0},"end":{"line":1,"column":null}},"1":{"start":{"line":31,"column":17},"end":{"line":31,"column":28}},"2":{"start":{"line":33,"column":28},"end":{"line":37,"column":4}},"3":{"start":{"line":35,"column":19},"end":{"line":35,"column":32}},"4":{"start":{"line":39,"column":8},"end":{"line":47,"column":4}},"5":{"start":{"line":42,"column":30},"end":{"line":42,"column":null}},"6":{"start":{"line":43,"column":6},"end":{"line":43,"column":null}},"7":{"start":{"line":49,"column":8},"end":{"line":49,"column":53}},"8":{"start":{"line":51,"column":8},"end":{"line":56,"column":4}},"9":{"start":{"line":58,"column":17},"end":{"line":64,"column":null}},"10":{"start":{"line":59,"column":4},"end":{"line":62,"column":null}},"11":{"start":{"line":60,"column":6},"end":{"line":60,"column":null}},"12":{"start":{"line":62,"column":6},"end":{"line":62,"column":null}},"13":{"start":{"line":66,"column":2},"end":{"line":66,"column":null}}},"fnMap":{"0":{"name":"useFormPage","decl":{"start":{"line":21,"column":16},"end":{"line":21,"column":80}},"loc":{"start":{"line":30,"column":43},"end":{"line":66,"column":null}},"line":30},"1":{"name":"(anonymous_1)","decl":{"start":{"line":35,"column":4},"end":{"line":35,"column":19}},"loc":{"start":{"line":35,"column":19},"end":{"line":35,"column":32}},"line":35},"2":{"name":"(anonymous_2)","decl":{"start":{"line":41,"column":24},"end":{"line":41,"column":31}},"loc":{"start":{"line":41,"column":81},"end":{"line":44,"column":null}},"line":41},"3":{"name":"(anonymous_3)","decl":{"start":{"line":58,"column":35},"end":{"line":58,"column":42}},"loc":{"start":{"line":58,"column":51},"end":{"line":64,"column":null}},"line":58}},"branchMap":{"0":{"loc":{"start":{"line":28,"column":2},"end":{"line":28,"column":21}},"type":"default-arg","locations":[{"start":{"line":28,"column":19},"end":{"line":28,"column":21}}],"line":28},"1":{"loc":{"start":{"line":36,"column":13},"end":{"line":36,"column":null}},"type":"binary-expr","locations":[{"start":{"line":36,"column":13},"end":{"line":36,"column":23}},{"start":{"line":36,"column":23},"end":{"line":36,"column":null}}],"line":36},"2":{"loc":{"start":{"line":41,"column":14},"end":{"line":44,"column":null}},"type":"cond-expr","locations":[{"start":{"line":41,"column":24},"end":{"line":44,"column":null}},{"start":{"line":44,"column":9},"end":{"line":44,"column":null}}],"line":41},"3":{"loc":{"start":{"line":46,"column":13},"end":{"line":46,"column":null}},"type":"cond-expr","locations":[{"start":{"line":46,"column":42},"end":{"line":46,"column":66}},{"start":{"line":46,"column":69},"end":{"line":46,"column":null}}],"line":46},"4":{"loc":{"start":{"line":46,"column":13},"end":{"line":46,"column":42}},"type":"binary-expr","locations":[{"start":{"line":46,"column":13},"end":{"line":46,"column":27}},{"start":{"line":46,"column":27},"end":{"line":46,"column":42}}],"line":46},"5":{"loc":{"start":{"line":54,"column":20},"end":{"line":54,"column":null}},"type":"cond-expr","locations":[{"start":{"line":54,"column":29},"end":{"line":54,"column":53}},{"start":{"line":54,"column":53},"end":{"line":54,"column":null}}],"line":54}},"s":{"0":0,"1":0,"2":0,"3":0,"4":0,"5":0,"6":0,"7":0,"8":0,"9":0,"10":0,"11":0,"12":0,"13":0},"f":{"0":0,"1":0,"2":0,"3":0},"b":{"0":[0],"1":[0,0],"2":[0,0],"3":[0,0],"4":[0,0],"5":[0,0]},"meta":{"lastBranch":6,"lastFunction":4,"lastStatement":14,"seen":{"s:1:0:1:Infinity":0,"f:21:16:21:80":0,"b:28:19:28:21":0,"s:31:17:31:28":1,"s:33:28:37:4":2,"f:35:4:35:19":1,"s:35:19:35:32":3,"b:36:13:36:23:36:23:36:Infinity":1,"s:39:8:47:4":4,"b:41:24:44:Infinity:44:9:44:Infinity":2,"f:41:24:41:31":2,"s:42:30:42:Infinity":5,"s:43:6:43:Infinity":6,"b:46:42:46:66:46:69:46:Infinity":3,"b:46:13:46:27:46:27:46:42":4,"s:49:8:49:53":7,"s:51:8:56:4":8,"b:54:29:54:53:54:53:54:Infinity":5,"s:58:17:64:Infinity":9,"f:58:35:58:42":3,"s:59:4:62:Infinity":10,"s:60:6:60:Infinity":11,"s:62:6:62:Infinity":12,"s:66:2:66:Infinity":13}}}
,"D:\\Workspace\\Github\\my-bad-idea\\NexusAdmin\\nexus-admin\\hooks\\templates\\useListPage.ts": {"path":"D:\\Workspace\\Github\\my-bad-idea\\NexusAdmin\\nexus-admin\\hooks\\templates\\useListPage.ts","statementMap":{"0":{"start":{"line":1,"column":0},"end":{"line":1,"column":null}},"1":{"start":{"line":29,"column":8},"end":{"line":29,"column":79}},"2":{"start":{"line":31,"column":20},"end":{"line":31,"column":null}},"3":{"start":{"line":33,"column":20},"end":{"line":33,"column":null}},"4":{"start":{"line":35,"column":20},"end":{"line":35,"column":null}},"5":{"start":{"line":36,"column":22},"end":{"line":36,"column":62}},"6":{"start":{"line":37,"column":19},"end":{"line":37,"column":60}},"7":{"start":{"line":39,"column":23},"end":{"line":46,"column":null}},"8":{"start":{"line":48,"column":2},"end":{"line":58,"column":null}}},"fnMap":{"0":{"name":"useListPage","decl":{"start":{"line":23,"column":16},"end":{"line":23,"column":54}},"loc":{"start":{"line":28,"column":26},"end":{"line":58,"column":null}},"line":28}},"branchMap":{"0":{"loc":{"start":{"line":31,"column":20},"end":{"line":31,"column":null}},"type":"cond-expr","locations":[{"start":{"line":31,"column":20},"end":{"line":31,"column":69}},{"start":{"line":31,"column":73},"end":{"line":31,"column":null}}],"line":31},"1":{"loc":{"start":{"line":33,"column":20},"end":{"line":33,"column":null}},"type":"cond-expr","locations":[{"start":{"line":33,"column":20},"end":{"line":33,"column":70}},{"start":{"line":33,"column":73},"end":{"line":33,"column":null}}],"line":33},"2":{"loc":{"start":{"line":35,"column":20},"end":{"line":35,"column":null}},"type":"cond-expr","locations":[{"start":{"line":35,"column":20},"end":{"line":35,"column":70}},{"start":{"line":35,"column":73},"end":{"line":35,"column":null}}],"line":35},"3":{"loc":{"start":{"line":39,"column":23},"end":{"line":46,"column":null}},"type":"cond-expr","locations":[{"start":{"line":39,"column":23},"end":{"line":45,"column":8}},{"start":{"line":46,"column":6},"end":{"line":46,"column":null}}],"line":39}},"s":{"0":0,"1":0,"2":0,"3":0,"4":0,"5":0,"6":0,"7":0,"8":0},"f":{"0":0},"b":{"0":[0,0],"1":[0,0],"2":[0,0],"3":[0,0]},"meta":{"lastBranch":4,"lastFunction":1,"lastStatement":9,"seen":{"s:1:0:1:Infinity":0,"f:23:16:23:54":0,"s:29:8:29:79":1,"s:31:20:31:Infinity":2,"b:31:20:31:69:31:73:31:Infinity":0,"s:33:20:33:Infinity":3,"b:33:20:33:70:33:73:33:Infinity":1,"s:35:20:35:Infinity":4,"b:35:20:35:70:35:73:35:Infinity":2,"s:36:22:36:62":5,"s:37:19:37:60":6,"s:39:23:46:Infinity":7,"b:39:23:45:8:46:6:46:Infinity":3,"s:48:2:58:Infinity":8}}}
,"D:\\Workspace\\Github\\my-bad-idea\\NexusAdmin\\nexus-admin\\store\\authStore.ts": {"path":"D:\\Workspace\\Github\\my-bad-idea\\NexusAdmin\\nexus-admin\\store\\authStore.ts","statementMap":{"0":{"start":{"line":13,"column":13},"end":{"line":26,"column":null}},"1":{"start":{"line":16,"column":16},"end":{"line":22,"column":null}},"2":{"start":{"line":20,"column":47},"end":{"line":20,"column":80}},"3":{"start":{"line":21,"column":25},"end":{"line":21,"column":null}}},"fnMap":{"0":{"name":"(anonymous_0)","decl":{"start":{"line":15,"column":4},"end":{"line":15,"column":null}},"loc":{"start":{"line":16,"column":16},"end":{"line":22,"column":null}},"line":16},"1":{"name":"(anonymous_1)","decl":{"start":{"line":20,"column":8},"end":{"line":20,"column":18}},"loc":{"start":{"line":20,"column":47},"end":{"line":20,"column":80}},"line":20},"2":{"name":"(anonymous_2)","decl":{"start":{"line":21,"column":8},"end":{"line":21,"column":25}},"loc":{"start":{"line":21,"column":25},"end":{"line":21,"column":null}},"line":21}},"branchMap":{},"s":{"0":2,"1":2,"2":5,"3":2},"f":{"0":2,"1":5,"2":2},"b":{},"meta":{"lastBranch":0,"lastFunction":3,"lastStatement":4,"seen":{"s:13:13:26:Infinity":0,"f:15:4:15:Infinity":0,"s:16:16:22:Infinity":1,"f:20:8:20:18":1,"s:20:47:20:80":2,"f:21:8:21:25":2,"s:21:25:21:Infinity":3}}}
,"D:\\Workspace\\Github\\my-bad-idea\\NexusAdmin\\nexus-admin\\store\\menuStore.ts": {"path":"D:\\Workspace\\Github\\my-bad-idea\\NexusAdmin\\nexus-admin\\store\\menuStore.ts","statementMap":{"0":{"start":{"line":13,"column":13},"end":{"line":23,"column":null}},"1":{"start":{"line":15,"column":14},"end":{"line":21,"column":null}},"2":{"start":{"line":18,"column":35},"end":{"line":18,"column":53}},"3":{"start":{"line":19,"column":29},"end":{"line":19,"column":70}},"4":{"start":{"line":19,"column":41},"end":{"line":19,"column":68}},"5":{"start":{"line":20,"column":31},"end":{"line":20,"column":null}}},"fnMap":{"0":{"name":"(anonymous_0)","decl":{"start":{"line":14,"column":2},"end":{"line":14,"column":null}},"loc":{"start":{"line":15,"column":14},"end":{"line":21,"column":null}},"line":15},"1":{"name":"(anonymous_1)","decl":{"start":{"line":18,"column":6},"end":{"line":18,"column":21}},"loc":{"start":{"line":18,"column":35},"end":{"line":18,"column":53}},"line":18},"2":{"name":"(anonymous_2)","decl":{"start":{"line":19,"column":6},"end":{"line":19,"column":29}},"loc":{"start":{"line":19,"column":29},"end":{"line":19,"column":70}},"line":19},"3":{"name":"(anonymous_3)","decl":{"start":{"line":19,"column":29},"end":{"line":19,"column":34}},"loc":{"start":{"line":19,"column":41},"end":{"line":19,"column":68}},"line":19},"4":{"name":"(anonymous_4)","decl":{"start":{"line":20,"column":6},"end":{"line":20,"column":21}},"loc":{"start":{"line":20,"column":31},"end":{"line":20,"column":null}},"line":20}},"branchMap":{},"s":{"0":0,"1":0,"2":0,"3":0,"4":0,"5":0},"f":{"0":0,"1":0,"2":0,"3":0,"4":0},"b":{},"meta":{"lastBranch":0,"lastFunction":5,"lastStatement":6,"seen":{"s:13:13:23:Infinity":0,"f:14:2:14:Infinity":0,"s:15:14:21:Infinity":1,"f:18:6:18:21":1,"s:18:35:18:53":2,"f:19:6:19:29":2,"s:19:29:19:70":3,"f:19:29:19:34":3,"s:19:41:19:68":4,"f:20:6:20:21":4,"s:20:31:20:Infinity":5}}}
,"D:\\Workspace\\Github\\my-bad-idea\\NexusAdmin\\nexus-admin\\store\\tableViewStore.ts": {"path":"D:\\Workspace\\Github\\my-bad-idea\\NexusAdmin\\nexus-admin\\store\\tableViewStore.ts","statementMap":{"0":{"start":{"line":12,"column":13},"end":{"line":21,"column":null}},"1":{"start":{"line":14,"column":19},"end":{"line":19,"column":null}},"2":{"start":{"line":17,"column":8},"end":{"line":17,"column":72}},"3":{"start":{"line":17,"column":20},"end":{"line":17,"column":70}},"4":{"start":{"line":18,"column":32},"end":{"line":18,"column":null}},"5":{"start":{"line":25,"column":19},"end":{"line":25,"column":76}},"6":{"start":{"line":25,"column":44},"end":{"line":25,"column":76}},"7":{"start":{"line":26,"column":22},"end":{"line":26,"column":61}},"8":{"start":{"line":26,"column":47},"end":{"line":26,"column":61}},"9":{"start":{"line":27,"column":2},"end":{"line":27,"column":null}},"10":{"start":{"line":27,"column":30},"end":{"line":27,"column":56}}},"fnMap":{"0":{"name":"(anonymous_0)","decl":{"start":{"line":13,"column":2},"end":{"line":13,"column":null}},"loc":{"start":{"line":14,"column":19},"end":{"line":19,"column":null}},"line":14},"1":{"name":"(anonymous_1)","decl":{"start":{"line":16,"column":6},"end":{"line":16,"column":20}},"loc":{"start":{"line":17,"column":8},"end":{"line":17,"column":72}},"line":17},"2":{"name":"(anonymous_2)","decl":{"start":{"line":17,"column":8},"end":{"line":17,"column":13}},"loc":{"start":{"line":17,"column":20},"end":{"line":17,"column":70}},"line":17},"3":{"name":"(anonymous_3)","decl":{"start":{"line":18,"column":6},"end":{"line":18,"column":20}},"loc":{"start":{"line":18,"column":32},"end":{"line":18,"column":null}},"line":18},"4":{"name":"useTableViewMode","decl":{"start":{"line":24,"column":16},"end":{"line":24,"column":33}},"loc":{"start":{"line":24,"column":88},"end":{"line":27,"column":null}},"line":24},"5":{"name":"(anonymous_5)","decl":{"start":{"line":25,"column":19},"end":{"line":25,"column":38}},"loc":{"start":{"line":25,"column":44},"end":{"line":25,"column":76}},"line":25},"6":{"name":"(anonymous_6)","decl":{"start":{"line":26,"column":22},"end":{"line":26,"column":41}},"loc":{"start":{"line":26,"column":47},"end":{"line":26,"column":61}},"line":26},"7":{"name":"(anonymous_7)","decl":{"start":{"line":27,"column":10},"end":{"line":27,"column":21}},"loc":{"start":{"line":27,"column":30},"end":{"line":27,"column":56}},"line":27}},"branchMap":{"0":{"loc":{"start":{"line":18,"column":32},"end":{"line":18,"column":null}},"type":"binary-expr","locations":[{"start":{"line":18,"column":32},"end":{"line":18,"column":60}},{"start":{"line":18,"column":60},"end":{"line":18,"column":null}}],"line":18},"1":{"loc":{"start":{"line":25,"column":44},"end":{"line":25,"column":76}},"type":"binary-expr","locations":[{"start":{"line":25,"column":44},"end":{"line":25,"column":68}},{"start":{"line":25,"column":68},"end":{"line":25,"column":76}}],"line":25}},"s":{"0":0,"1":0,"2":0,"3":0,"4":0,"5":0,"6":0,"7":0,"8":0,"9":0,"10":0},"f":{"0":0,"1":0,"2":0,"3":0,"4":0,"5":0,"6":0,"7":0},"b":{"0":[0,0],"1":[0,0]},"meta":{"lastBranch":2,"lastFunction":8,"lastStatement":11,"seen":{"s:12:13:21:Infinity":0,"f:13:2:13:Infinity":0,"s:14:19:19:Infinity":1,"f:16:6:16:20":1,"s:17:8:17:72":2,"f:17:8:17:13":2,"s:17:20:17:70":3,"f:18:6:18:20":3,"s:18:32:18:Infinity":4,"b:18:32:18:60:18:60:18:Infinity":0,"f:24:16:24:33":4,"s:25:19:25:76":5,"f:25:19:25:38":5,"s:25:44:25:76":6,"b:25:44:25:68:25:68:25:76":1,"s:26:22:26:61":7,"f:26:22:26:41":6,"s:26:47:26:61":8,"s:27:2:27:Infinity":9,"f:27:10:27:21":7,"s:27:30:27:56":10}}}
,"D:\\Workspace\\Github\\my-bad-idea\\NexusAdmin\\nexus-admin\\store\\themeStore.ts": {"path":"D:\\Workspace\\Github\\my-bad-idea\\NexusAdmin\\nexus-admin\\store\\themeStore.ts","statementMap":{"0":{"start":{"line":11,"column":13},"end":{"line":26,"column":null}},"1":{"start":{"line":13,"column":14},"end":{"line":24,"column":null}},"2":{"start":{"line":16,"column":8},"end":{"line":16,"column":null}},"3":{"start":{"line":17,"column":8},"end":{"line":21,"column":null}},"4":{"start":{"line":19,"column":12},"end":{"line":20,"column":null}},"5":{"start":{"line":21,"column":10},"end":{"line":21,"column":null}}},"fnMap":{"0":{"name":"(anonymous_0)","decl":{"start":{"line":12,"column":2},"end":{"line":12,"column":null}},"loc":{"start":{"line":13,"column":14},"end":{"line":24,"column":null}},"line":13},"1":{"name":"(anonymous_1)","decl":{"start":{"line":15,"column":6},"end":{"line":15,"column":16}},"loc":{"start":{"line":15,"column":25},"end":{"line":21,"column":null}},"line":15}},"branchMap":{"0":{"loc":{"start":{"line":17,"column":8},"end":{"line":21,"column":null}},"type":"if","locations":[{"start":{"line":17,"column":8},"end":{"line":21,"column":null}},{"start":{},"end":{}}],"line":17},"1":{"loc":{"start":{"line":19,"column":12},"end":{"line":20,"column":null}},"type":"binary-expr","locations":[{"start":{"line":19,"column":12},"end":{"line":19,"column":null}},{"start":{"line":20,"column":13},"end":{"line":20,"column":34}},{"start":{"line":20,"column":34},"end":{"line":20,"column":null}}],"line":19},"2":{"loc":{"start":{"line":21,"column":62},"end":{"line":21,"column":88}},"type":"cond-expr","locations":[{"start":{"line":21,"column":71},"end":{"line":21,"column":80}},{"start":{"line":21,"column":80},"end":{"line":21,"column":88}}],"line":21}},"s":{"0":1,"1":1,"2":6,"3":6,"4":6,"5":6},"f":{"0":1,"1":6},"b":{"0":[6,0],"1":[6,3,1],"2":[3,3]},"meta":{"lastBranch":3,"lastFunction":2,"lastStatement":6,"seen":{"s:11:13:26:Infinity":0,"f:12:2:12:Infinity":0,"s:13:14:24:Infinity":1,"f:15:6:15:16":1,"s:16:8:16:Infinity":2,"b:17:8:21:Infinity:undefined:undefined:undefined:undefined":0,"s:17:8:21:Infinity":3,"s:19:12:20:Infinity":4,"b:19:12:19:Infinity:20:13:20:34:20:34:20:Infinity":1,"s:21:10:21:Infinity":5,"b:21:71:21:80:21:80:21:88":2}}}
}
